Warning[205] /home/omars/MPLABXProjects/PIC16F887/ExB1_Advertencia LCD.X/main.asm 1 : Found directive in column 1. (LIST)
Warning[205] /home/omars/MPLABXProjects/PIC16F887/ExB1_Advertencia LCD.X/main.asm 11 : Found directive in column 1. (CBLOCK)
Warning[205] /home/omars/MPLABXProjects/PIC16F887/ExB1_Advertencia LCD.X/main.asm 20 : Found directive in column 1. (ENDC)
Warning[205] /home/omars/MPLABXProjects/PIC16F887/ExB1_Advertencia LCD.X/main.asm 24 : Found directive in column 1. (ORG)
Warning[205] /home/omars/MPLABXProjects/PIC16F887/ExB1_Advertencia LCD.X/main.asm 27 : Found directive in column 1. (ORG)
Warning[205] /home/omars/MPLABXProjects/PIC16F887/ExB1_Advertencia LCD.X/main.asm 30 : Found directive in column 1. (BANKSEL)
Warning[203] /home/omars/MPLABXProjects/PIC16F887/ExB1_Advertencia LCD.X/main.asm 31 : Found opcode in column 1. (MOVLW)
Warning[203] /home/omars/MPLABXProjects/PIC16F887/ExB1_Advertencia LCD.X/main.asm 32 : Found opcode in column 1. (MOVWF)
Message[302] /home/omars/MPLABXProjects/PIC16F887/ExB1_Advertencia LCD.X/main.asm 32 : Register in operand not in bank 0.  Ensure that bank bits are correct.
Warning[205] /home/omars/MPLABXProjects/PIC16F887/ExB1_Advertencia LCD.X/main.asm 33 : Found directive in column 1. (BANKSEL)
Warning[203] /home/omars/MPLABXProjects/PIC16F887/ExB1_Advertencia LCD.X/main.asm 34 : Found opcode in column 1. (MOVLW)
Warning[203] /home/omars/MPLABXProjects/PIC16F887/ExB1_Advertencia LCD.X/main.asm 35 : Found opcode in column 1. (MOVWF)
Message[302] /home/omars/MPLABXProjects/PIC16F887/ExB1_Advertencia LCD.X/main.asm 35 : Register in operand not in bank 0.  Ensure that bank bits are correct.
Warning[205] /home/omars/MPLABXProjects/PIC16F887/ExB1_Advertencia LCD.X/main.asm 37 : Found directive in column 1. (BANKSEL)
Warning[203] /home/omars/MPLABXProjects/PIC16F887/ExB1_Advertencia LCD.X/main.asm 38 : Found opcode in column 1. (MOVLW)
Warning[203] /home/omars/MPLABXProjects/PIC16F887/ExB1_Advertencia LCD.X/main.asm 39 : Found opcode in column 1. (MOVWF)
Message[302] /home/omars/MPLABXProjects/PIC16F887/ExB1_Advertencia LCD.X/main.asm 39 : Register in operand not in bank 0.  Ensure that bank bits are correct.
Warning[205] /home/omars/MPLABXProjects/PIC16F887/ExB1_Advertencia LCD.X/main.asm 40 : Found directive in column 1. (BANKSEL)
Warning[203] /home/omars/MPLABXProjects/PIC16F887/ExB1_Advertencia LCD.X/main.asm 41 : Found opcode in column 1. (MOVLW)
Warning[203] /home/omars/MPLABXProjects/PIC16F887/ExB1_Advertencia LCD.X/main.asm 42 : Found opcode in column 1. (MOVWF)
Warning[205] /home/omars/MPLABXProjects/PIC16F887/ExB1_Advertencia LCD.X/main.asm 43 : Found directive in column 1. (BANKSEL)
Warning[203] /home/omars/MPLABXProjects/PIC16F887/ExB1_Advertencia LCD.X/main.asm 44 : Found opcode in column 1. (MOVLW)
Warning[203] /home/omars/MPLABXProjects/PIC16F887/ExB1_Advertencia LCD.X/main.asm 45 : Found opcode in column 1. (MOVWF)
Message[302] /home/omars/MPLABXProjects/PIC16F887/ExB1_Advertencia LCD.X/main.asm 45 : Register in operand not in bank 0.  Ensure that bank bits are correct.
Warning[205] /home/omars/MPLABXProjects/PIC16F887/ExB1_Advertencia LCD.X/main.asm 46 : Found directive in column 1. (BANKSEL)
Warning[203] /home/omars/MPLABXProjects/PIC16F887/ExB1_Advertencia LCD.X/main.asm 47 : Found opcode in column 1. (MOVLW)
Warning[203] /home/omars/MPLABXProjects/PIC16F887/ExB1_Advertencia LCD.X/main.asm 48 : Found opcode in column 1. (MOVWF)
Warning[205] /home/omars/MPLABXProjects/PIC16F887/ExB1_Advertencia LCD.X/main.asm 50 : Found directive in column 1. (BANKSEL)
Warning[203] /home/omars/MPLABXProjects/PIC16F887/ExB1_Advertencia LCD.X/main.asm 51 : Found opcode in column 1. (MOVLW)
Warning[203] /home/omars/MPLABXProjects/PIC16F887/ExB1_Advertencia LCD.X/main.asm 52 : Found opcode in column 1. (MOVWF)
Message[302] /home/omars/MPLABXProjects/PIC16F887/ExB1_Advertencia LCD.X/main.asm 52 : Register in operand not in bank 0.  Ensure that bank bits are correct.
Warning[205] /home/omars/MPLABXProjects/PIC16F887/ExB1_Advertencia LCD.X/main.asm 53 : Found directive in column 1. (BANKSEL)
Warning[203] /home/omars/MPLABXProjects/PIC16F887/ExB1_Advertencia LCD.X/main.asm 54 : Found opcode in column 1. (MOVLW)
Warning[203] /home/omars/MPLABXProjects/PIC16F887/ExB1_Advertencia LCD.X/main.asm 55 : Found opcode in column 1. (MOVWF)
Warning[205] /home/omars/MPLABXProjects/PIC16F887/ExB1_Advertencia LCD.X/main.asm 72 : Found directive in column 1. (BANKSEL)
Warning[203] /home/omars/MPLABXProjects/PIC16F887/ExB1_Advertencia LCD.X/main.asm 73 : Found opcode in column 1. (MOVLW)
Warning[203] /home/omars/MPLABXProjects/PIC16F887/ExB1_Advertencia LCD.X/main.asm 74 : Found opcode in column 1. (MOVWF)
Message[302] /home/omars/MPLABXProjects/PIC16F887/ExB1_Advertencia LCD.X/main.asm 74 : Register in operand not in bank 0.  Ensure that bank bits are correct.
Warning[205] /home/omars/MPLABXProjects/PIC16F887/ExB1_Advertencia LCD.X/main.asm 75 : Found directive in column 1. (BANKSEL)
Warning[203] /home/omars/MPLABXProjects/PIC16F887/ExB1_Advertencia LCD.X/main.asm 76 : Found opcode in column 1. (MOVLW)
Warning[203] /home/omars/MPLABXProjects/PIC16F887/ExB1_Advertencia LCD.X/main.asm 77 : Found opcode in column 1. (MOVWF)
Warning[203] /home/omars/MPLABXProjects/PIC16F887/ExB1_Advertencia LCD.X/main.asm 78 : Found opcode in column 1. (BSF)
Warning[203] /home/omars/MPLABXProjects/PIC16F887/ExB1_Advertencia LCD.X/main.asm 81 : Found opcode in column 1. (CALL)
Warning[203] /home/omars/MPLABXProjects/PIC16F887/ExB1_Advertencia LCD.X/main.asm 82 : Found opcode in column 1. (CALL)
Warning[203] /home/omars/MPLABXProjects/PIC16F887/ExB1_Advertencia LCD.X/main.asm 83 : Found opcode in column 1. (MOVLW)
Warning[203] /home/omars/MPLABXProjects/PIC16F887/ExB1_Advertencia LCD.X/main.asm 84 : Found opcode in column 1. (CALL)
Message[302] /home/omars/MPLABXProjects/PIC16F887/ExB1_Advertencia LCD.X/main.asm 97 : Register in operand not in bank 0.  Ensure that bank bits are correct.
Warning[203] /home/omars/MPLABXProjects/PIC16F887/ExB1_Advertencia LCD.X/main.asm 199 : Found opcode in column 1. (GOTO)
Warning[207] /home/omars/MPLABXProjects/PIC16F887/ExB1_Advertencia LCD.X/main.asm 202 : Found label after column 1. (TEMP_OK)
Warning[207] /home/omars/MPLABXProjects/PIC16F887/ExB1_Advertencia LCD.X/main.asm 252 : Found label after column 1. (TEMP_NOK)
Warning[205] /home/omars/MPLABXProjects/PIC16F887/ExB1_Advertencia LCD.X/main.asm 310 : Found directive in column 1. (INCLUDE)
Warning[205] /home/omars/MPLABXProjects/PIC16F887/ExB1_Advertencia LCD.X/LCD_lib.inc 5 : Found directive in column 1. (CBLOCK)
Warning[205] /home/omars/MPLABXProjects/PIC16F887/ExB1_Advertencia LCD.X/LCD_lib.inc 17 : Found directive in column 1. (ENDC)
Message[305] /home/omars/MPLABXProjects/PIC16F887/ExB1_Advertencia LCD.X/LCD_lib.inc 327 : Using default destination of 1 (file).
Message[305] /home/omars/MPLABXProjects/PIC16F887/ExB1_Advertencia LCD.X/LCD_lib.inc 337 : Using default destination of 1 (file).
Message[305] /home/omars/MPLABXProjects/PIC16F887/ExB1_Advertencia LCD.X/LCD_lib.inc 347 : Using default destination of 1 (file).
Message[305] /home/omars/MPLABXProjects/PIC16F887/ExB1_Advertencia LCD.X/LCD_lib.inc 356 : Using default destination of 1 (file).
Message[305] /home/omars/MPLABXProjects/PIC16F887/ExB1_Advertencia LCD.X/LCD_lib.inc 366 : Using default destination of 1 (file).
Message[305] /home/omars/MPLABXProjects/PIC16F887/ExB1_Advertencia LCD.X/LCD_lib.inc 376 : Using default destination of 1 (file).
Warning[202] /home/omars/MPLABXProjects/PIC16F887/ExB1_Advertencia LCD.X/LCD_lib.inc 383 : Argument out of range.  Least significant bits used.
Message[305] /home/omars/MPLABXProjects/PIC16F887/ExB1_Advertencia LCD.X/LCD_lib.inc 387 : Using default destination of 1 (file).
Message[305] /home/omars/MPLABXProjects/PIC16F887/ExB1_Advertencia LCD.X/LCD_lib.inc 396 : Using default destination of 1 (file).
Warning[205] /home/omars/MPLABXProjects/PIC16F887/ExB1_Advertencia LCD.X/main.asm 315 : Found directive in column 1. (END)
