MPASM 5.82  /HOME/OMARS/MPLABXPROJECTS/PIC16   12-15-2021  19:38:48         PAGE  1


LOC  OBJECT CODE     LINE SOURCE TEXT
  VALUE

Warning[205]: Found directive in column 1. (LIST)
                      00001 LIST P = 16F887
                      00002 #include "p16f887.inc"
                      00001         LIST
                      00002 
                      00003 ;==========================================================================
                      00004 ; Build date : Sep 19 2018
                      00005 ;  MPASM PIC16F887 processor include
                      00006 ; 
                      00007 ;  (c) Copyright 1999-2018 Microchip Technology, All rights reserved
                      00008 ;==========================================================================
                      00009 
                      00810         LIST
                      00003 
                      00004 ; CONFIG1
                      00005 ; __config 0xE0F2
2007   20F2           00006  __CONFIG _CONFIG1, _FOSC_HS & _WDTE_OFF & _PWRTE_OFF & _MCLRE_ON & _CP_OFF & _CPD_OFF & _BOREN_OFF & _I
                            ESO_OFF & _FCMEN_OFF & _LVP_OFF
                      00007 ; CONFIG2
                      00008 ; __config 0xFEFF
2008   3EFF           00009  __CONFIG _CONFIG2, _BOR4V_BOR21V & _WRT_OFF
                      00010  
Warning[205]: Found directive in column 1. (CBLOCK)
                      00011 CBLOCK 0X20
  00000020            00012 SET_OK
  00000021            00013 SET_NOK
  00000022            00014 adclecturaH
  00000023            00015 adclecturaL
  00000024            00016 LOW_ADC_OK
  00000025            00017 HIGH_ADC_OK
  00000026            00018 AND_RESULT
                      00019 
Warning[205]: Found directive in column 1. (ENDC)
                      00020 ENDC
                      00021  
                      00022  
                      00023 
Warning[205]: Found directive in column 1. (ORG)
                      00024 ORG 0X0000
0000   2???           00025     GOTO INICIO
                      00026     
Warning[205]: Found directive in column 1. (ORG)
                      00027 ORG 0X0005
0005                  00028 INICIO
                      00029 
Warning[205]: Found directive in column 1. (BANKSEL)
0005   1683 1703      00030 BANKSEL ANSEL
Warning[203]: Found opcode in column 1. (MOVLW)
0007   3001           00031 MOVLW   0X01
Warning[203]: Found opcode in column 1. (MOVWF)
Message[302]: Register in operand not in bank 0.  Ensure that bank bits are correct.
0008   0088           00032 MOVWF   ANSEL
Warning[205]: Found directive in column 1. (BANKSEL)
MPASM 5.82  /HOME/OMARS/MPLABXPROJECTS/PIC16   12-15-2021  19:38:48         PAGE  2


LOC  OBJECT CODE     LINE SOURCE TEXT
  VALUE

0009   1683 1703      00033 BANKSEL ANSELH
Warning[203]: Found opcode in column 1. (MOVLW)
000B   3000           00034 MOVLW   0X00
Warning[203]: Found opcode in column 1. (MOVWF)
Message[302]: Register in operand not in bank 0.  Ensure that bank bits are correct.
000C   0089           00035 MOVWF   ANSELH
                      00036     
Warning[205]: Found directive in column 1. (BANKSEL)
000D   1683 1303      00037 BANKSEL TRISB
Warning[203]: Found opcode in column 1. (MOVLW)
000F   3000           00038 MOVLW   0X00
Warning[203]: Found opcode in column 1. (MOVWF)
Message[302]: Register in operand not in bank 0.  Ensure that bank bits are correct.
0010   0086           00039 MOVWF   TRISB
Warning[205]: Found directive in column 1. (BANKSEL)
0011   1283 1303      00040 BANKSEL PORTB
Warning[203]: Found opcode in column 1. (MOVLW)
0013   3000           00041 MOVLW   0X00
Warning[203]: Found opcode in column 1. (MOVWF)
0014   0086           00042 MOVWF   PORTB;;;;; CLEAR PORTB
Warning[205]: Found directive in column 1. (BANKSEL)
0015   1683 1303      00043 BANKSEL TRISC
Warning[203]: Found opcode in column 1. (MOVLW)
0017   3000           00044 MOVLW   0X00
Warning[203]: Found opcode in column 1. (MOVWF)
Message[302]: Register in operand not in bank 0.  Ensure that bank bits are correct.
0018   0087           00045 MOVWF   TRISC   ;;;PORTC AS AN OUTPUT
Warning[205]: Found directive in column 1. (BANKSEL)
0019   1283 1303      00046 BANKSEL PORTC
Warning[203]: Found opcode in column 1. (MOVLW)
001B   3000           00047 MOVLW   0X00
Warning[203]: Found opcode in column 1. (MOVWF)
001C   0087           00048 MOVWF   PORTC;;;;
                      00049     
Warning[205]: Found directive in column 1. (BANKSEL)
001D   1683 1303      00050 BANKSEL TRISD
Warning[203]: Found opcode in column 1. (MOVLW)
001F   3000           00051 MOVLW   0X00
Warning[203]: Found opcode in column 1. (MOVWF)
Message[302]: Register in operand not in bank 0.  Ensure that bank bits are correct.
0020   0088           00052 MOVWF   TRISD
Warning[205]: Found directive in column 1. (BANKSEL)
0021   1283 1303      00053 BANKSEL PORTD
Warning[203]: Found opcode in column 1. (MOVLW)
0023   3000           00054 MOVLW   0X00
Warning[203]: Found opcode in column 1. (MOVWF)
0024   0088           00055 MOVWF   PORTD
                      00056     
                      00057 ;MOVLW  0X00
                      00058 ;BANKSEL SET_OK
                      00059 ;MOVWF   SET_OK
                      00060     
                      00061 ;MOVLW  0X00
MPASM 5.82  /HOME/OMARS/MPLABXPROJECTS/PIC16   12-15-2021  19:38:48         PAGE  3


LOC  OBJECT CODE     LINE SOURCE TEXT
  VALUE

                      00062 ;BANKSEL SET_NOK
                      00063 ;MOVWF  SET_NOK
                      00064     
                      00065 
                      00066 ;;
                      00067     
                      00068     
                      00069 ;CONFIGURACION ADC
                      00070 
                      00071 
Warning[205]: Found directive in column 1. (BANKSEL)
0025   1683 1303      00072 BANKSEL ADCON1
Warning[203]: Found opcode in column 1. (MOVLW)
0027   3080           00073 MOVLW   0X80    ;RIGHT JSUT
Warning[203]: Found opcode in column 1. (MOVWF)
Message[302]: Register in operand not in bank 0.  Ensure that bank bits are correct.
0028   009F           00074 MOVWF   ADCON1  ;RIGHT JUSTIFIED / VSS VDD REFERENCE
Warning[205]: Found directive in column 1. (BANKSEL)
0029   1283 1303      00075 BANKSEL ADCON0
Warning[203]: Found opcode in column 1. (MOVLW)
002B   3000           00076 MOVLW   0X00
Warning[203]: Found opcode in column 1. (MOVWF)
002C   009F           00077 MOVWF   ADCON0 ;FOSC/2  /CH0=AN0 / DISABLED
Warning[203]: Found opcode in column 1. (BSF)
002D   141F           00078 BSF     ADCON0, ADON  ;ENABLED 
                      00079 ;;;;;;;;;;;;;;;;;;;;;;
                      00080     
Warning[203]: Found opcode in column 1. (CALL)
002E   2???           00081 CALL    LCD_Init
Warning[203]: Found opcode in column 1. (CALL)
002F   2???           00082 CALL    LCD_Clear
Warning[203]: Found opcode in column 1. (MOVLW)
0030   3000           00083 MOVLW   0X00
Warning[203]: Found opcode in column 1. (CALL)
0031   2???           00084 CALL    LCD_GoTo
                      00085 
                      00086 
                      00087     
0032                  00088 BUCLE:
                      00089     
0032   1283 1303      00090     BANKSEL ADCON0
                      00091     ;CALL    Delay1ms
0034   149F           00092     BSF     ADCON0, GO_DONE ;INICIA LA CONVERSION (GO DONE SE MANDA A CERO CUANDO LA CONVERSION SE COMPL
                            ETA)
0035   189F           00093     BTFSC   ADCON0, GO_DONE ;ESTA COMPLETA LA CONVERSION?
0036   2???           00094     GOTO    BUCLE
                      00095     
0037   1683 1303      00096     BANKSEL ADRESL
Message[302]: Register in operand not in bank 0.  Ensure that bank bits are correct.
0039   081E           00097     MOVF    ADRESL,W ;MOVEMOS EL RESULTADO L AL REGISTRO DE TRABAJO
003A   1283 1303      00098     BANKSEL adclecturaL
003C   00A3           00099     MOVWF   adclecturaL
                      00100     
MPASM 5.82  /HOME/OMARS/MPLABXPROJECTS/PIC16   12-15-2021  19:38:48         PAGE  4


LOC  OBJECT CODE     LINE SOURCE TEXT
  VALUE

003D   1283 1303      00101     BANKSEL ADRESH
003F   081E           00102     MOVF    ADRESH,W ;MOVEMOS EL RESULTADO H AL REGISTRO DE TRABAJO
0040   00A2           00103     MOVWF   adclecturaH
                      00104     
0041   1283 1303      00105     BANKSEL adclecturaL
0043   0823           00106     MOVF    adclecturaL,W  
                      00107     
0044   1283 1303      00108     BANKSEL PORTB
0046   0086           00109     MOVWF   PORTB
                      00110     
0047   1283 1303      00111     BANKSEL adclecturaH
0049   0822           00112     MOVF    adclecturaH,W
                      00113     
                      00114     
004A   1283 1303      00115     BANKSEL PORTC
                      00116    
004C   0087           00117      MOVWF   PORTC
                      00118     
                      00119     
                      00120     ;si la conversion es arriba de  128 mandar mensaje en LCD
                      00121    
                      00122     
                      00123     
004D   0180           00124     CLRF    W
004E   01A4           00125     CLRF    LOW_ADC_OK
004F   01A5           00126     CLRF    HIGH_ADC_OK
                      00127     
                      00128     
0050   1283 1303      00129     BANKSEL STATUS
                      00130     
0052   1003           00131     BCF     STATUS,C
                      00132     
0053   1283 1303      00133     BANKSEL adclecturaL
                      00134     
0055   0823           00135     MOVF    adclecturaL,W
0056   3C80           00136     SUBLW   D'128'
                      00137     
0057   1283 1303      00138     BANKSEL STATUS
                      00139     
0059   1803           00140     BTFSC   STATUS,C
005A   1424           00141     BSF     LOW_ADC_OK,0  ;SE SETEA CUANDO LA LECTURA ANALOGICA ES MENOR A 128
                      00142     
                      00143     
                      00144    
005B   1003           00145     BCF     STATUS,C
                      00146     
                      00147     
                      00148      
                      00149     
005C   1283 1303      00150      BANKSEL adclecturaH
005E   0822           00151      MOVF    adclecturaH,W
005F   3C00           00152      SUBLW   D'0'
                      00153     
MPASM 5.82  /HOME/OMARS/MPLABXPROJECTS/PIC16   12-15-2021  19:38:48         PAGE  5


LOC  OBJECT CODE     LINE SOURCE TEXT
  VALUE

                      00154     
0060   1283 1303      00155      BANKSEL STATUS
0062   1803           00156      BTFSC   STATUS,C
0063   1425           00157      BSF     HIGH_ADC_OK,0  ;SE SETEA CUANDO LA LECTURA ANALOGICA ES MENOR A 128
                      00158      
                      00159     
0064   1283 1303      00160      BANKSEL LOW_ADC_OK
0066   0824           00161      MOVF    LOW_ADC_OK,W
                      00162     
                      00163    
0067   1283 1303      00164      BANKSEL HIGH_ADC_OK
0069   0525           00165      ANDWF   HIGH_ADC_OK,0
                      00166     
                      00167      
006A   1283 1303      00168      BANKSEL  AND_RESULT
006C   00A6           00169      MOVWF    AND_RESULT
                      00170      
                      00171      
                      00172 
                      00173      ;MOVFW   AND_RESULT
                      00174      ;BANKSEL PORTC
                      00175      ;MOVWF   PORTC
                      00176     
006D   1283 1303      00177      BANKSEL AND_RESULT
                      00178     
                      00179 
                      00180      
006F   1C26           00181       BTFSS   AND_RESULT,0
0070   2???           00182       CALL    TEMP_NOK
                      00183     
                      00184      
                      00185       
0071   1283 1303      00186       BANKSEL AND_RESULT
                      00187      
                      00188       
0073   1826           00189       BTFSC   AND_RESULT,0
0074   2???           00190       CALL    TEMP_OK     ;TEMP_OK
                      00191       
                      00192       
                      00193     
                      00194    
                      00195   
0075   2???           00196       CALL    Delay1s
                      00197     
                      00198     
Warning[203]: Found opcode in column 1. (GOTO)
0076   2???           00199 GOTO    BUCLE
                      00200     
                      00201     
Warning[207]: Found label after column 1. (TEMP_OK)
0077                  00202     TEMP_OK:
                      00203     
                      00204     ;BANKSEL SET_OK
MPASM 5.82  /HOME/OMARS/MPLABXPROJECTS/PIC16   12-15-2021  19:38:48         PAGE  6


LOC  OBJECT CODE     LINE SOURCE TEXT
  VALUE

                      00205     
0077   1820           00206     BTFSC SET_OK,0
0078   0008           00207     RETURN
                      00208    
                      00209 
0079   2???           00210     CALL LCD_Clear;
                      00211     
                      00212     
007A   3054           00213     MOVLW   'T'
007B   2???           00214     CALL    LCD_Char
007C   3045           00215     MOVLW   'E'
007D   2???           00216     CALL    LCD_Char
007E   304D           00217     MOVLW   'M'
007F   2???           00218     CALL    LCD_Char
0080   3050           00219     MOVLW   'P'
0081   2???           00220     CALL    LCD_Char
0082   3045           00221     MOVLW   'E'
0083   2???           00222     CALL    LCD_Char
0084   3052           00223     MOVLW   'R'
0085   2???           00224     CALL    LCD_Char
0086   3041           00225     MOVLW   'A'
0087   2???           00226     CALL    LCD_Char
0088   3054           00227     MOVLW   'T'
0089   2???           00228     CALL    LCD_Char
008A   3055           00229     MOVLW   'U'
008B   2???           00230     CALL    LCD_Char
008C   3052           00231     MOVLW   'R'
008D   2???           00232     CALL    LCD_Char
008E   3041           00233     MOVLW   'A'
008F   2???           00234     CALL    LCD_Char
0090   3020           00235     MOVLW   ' '
0091   2???           00236     CALL    LCD_Char
0092   304F           00237     MOVLW   'O'
0093   2???           00238     CALL    LCD_Char
0094   304B           00239     MOVLW   'K'
0095   2???           00240     CALL    LCD_Char
                      00241     
                      00242     ;BANKSEL SET_OK
0096   1420           00243     BSF     SET_OK,0
                      00244     
                      00245     ;BANKSEL SET_NOK
0097   1021           00246     BCF     SET_NOK,0
                      00247     
                      00248     
0098   0008           00249     RETURN
                      00250 
                      00251     
Warning[207]: Found label after column 1. (TEMP_NOK)
0099                  00252     TEMP_NOK:
                      00253     
                      00254     ;BANKSEL SET_NOK
                      00255     
0099   1821           00256     BTFSC   SET_NOK,0
MPASM 5.82  /HOME/OMARS/MPLABXPROJECTS/PIC16   12-15-2021  19:38:48         PAGE  7


LOC  OBJECT CODE     LINE SOURCE TEXT
  VALUE

009A   0008           00257     RETURN
                      00258     
009B   2???           00259     CALL LCD_Clear
                      00260     
                      00261    
009C   3054           00262     MOVLW   'T'
009D   2???           00263     CALL    LCD_Char
009E   3045           00264     MOVLW   'E'
009F   2???           00265     CALL    LCD_Char
00A0   304D           00266     MOVLW   'M'
00A1   2???           00267     CALL    LCD_Char
00A2   3050           00268     MOVLW   'P'
00A3   2???           00269     CALL    LCD_Char
                      00270     
00A4   3045           00271     MOVLW   'E'
00A5   2???           00272     CALL    LCD_Char
00A6   3052           00273     MOVLW   'R'
00A7   2???           00274     CALL    LCD_Char
00A8   3041           00275     MOVLW   'A'
00A9   2???           00276     CALL    LCD_Char
00AA   3054           00277     MOVLW   'T'
00AB   2???           00278     CALL    LCD_Char
00AC   3055           00279     MOVLW   'U'
00AD   2???           00280     CALL    LCD_Char
00AE   3052           00281     MOVLW   'R'
00AF   2???           00282     CALL    LCD_Char
00B0   3041           00283     MOVLW   'A'
00B1   2???           00284     CALL    LCD_Char
00B2   304E           00285     MOVLW   'N'
00B3   2???           00286     CALL    LCD_Char
00B4   304F           00287     MOVLW   'O'
00B5   2???           00288     CALL    LCD_Char
00B6   304B           00289     MOVLW   'K'
00B7   2???           00290     CALL    LCD_Char
                      00291     
                      00292     ;BANKSEL SET_OK
00B8   1020           00293     BCF     SET_OK,0
                      00294     
                      00295     ;BANKSEL SET_NOK
00B9   1421           00296     BSF     SET_NOK,0
00BA   0008           00297     RETURN
                      00298     
                      00299     
                      00300     
                      00301    
                      00302   
                      00303     
                      00304    
                      00305     
                      00306     
                      00307     
                      00308 
                      00309         
MPASM 5.82  /HOME/OMARS/MPLABXPROJECTS/PIC16   12-15-2021  19:38:48         PAGE  8


LOC  OBJECT CODE     LINE SOURCE TEXT
  VALUE

Warning[205]: Found directive in column 1. (INCLUDE)
                      00310 INCLUDE <LCD_lib.inc>
                      00001 ;Ubicación de los pines de EN y RS en Miuva
                      00002 #define LCD_EN   PORTD,4
                      00003 #define LCD_RS   PORTD,5
                      00004 
Warning[205]: Found directive in column 1. (CBLOCK)
                      00005 CBLOCK  0x020
  00000020            00006         Count167us
  00000021            00007         Count15ms
  00000022            00008         Count1ms                                                                                        
                                                                                                                            
  00000023            00009         Count100us
  00000024            00010         Count4_1ms
  00000025            00011         Count334us
  00000026            00012         Count668us
  00000027            00013         Count1s
  00000028            00014         NIBBLE
  00000029            00015         Ret1  
  0000002A            00016         Ret2
Warning[205]: Found directive in column 1. (ENDC)
                      00017 ENDC
                      00018  
                      00019     
                      00020 ;*****************************************************************************;
                      00021 ;Ejemplo de envío de instrucción                                              ;
                      00022 ;                                                                             ;
                      00023 ;   RS      _________________________   1: DATOS | 0: INSTRUCCIONES           ;
                      00024 ;                                                                             ;   
                      00025 ;   RW      _________________________   1: LECTURA  |   0: ESCRITURA          ;
                      00026 ;                 ___      ___                                                ;
                      00027 ;   EN      _____/   \____/   \______   LEE EN FLANCOS DE BAJADA              ;
                      00028 ;                                                                             ;
                      00029 ;           _________________________                                         ;
                      00030 ;   D7:D4   ___/_4 MSB_\/_4_LSB_\____   PARA ENVIAR LOS 8 BITS DE INSTRUCCION ;
                      00031 ;                                       PRIMERO SE ENVIAN LOS 4 MÁS           ;
                      00032 ;                                       SIGNIFICATIVOS Y POSTERIORMENTE LOS   ;
                      00033 ;                                       4 MENOS SIGNIFICATIVOS                ;
                      00034 ;                                                                             ;
                      00035 ;*****************************************************************************;
                      00036 ;Se carga D7:D4 de la LCD en los bits D3:D0 de Miuva    
                      00037 
                      00038 ;*****************************************************************************;
                      00039 ;                                   LCD_Init                                  ;
                      00040 ;   Inicializa la LCD, esta función se debe ejecutar antes de cualquier otra  ;
                      00041 ;   que involucre el uso de la LCD.                                           ;
                      00042 ;                                                                             ;
                      00043 ;   Ejemplo de uso:                                                           ;
                      00044 ;       call    LCD_Init                                                      ;
                      00045 ;                                                                             ;
                      00046 ;*****************************************************************************;
                      00047 
00BB                  00048 LCD_Init    
MPASM 5.82  /HOME/OMARS/MPLABXPROJECTS/PIC16   12-15-2021  19:38:48         PAGE  9


LOC  OBJECT CODE     LINE SOURCE TEXT
  VALUE

00BB   1283 1303      00049     BANKSEL PORTD
00BD   1208           00050     BCF     LCD_EN              ;Enable = LOW
00BE   2???           00051     CALL    Delay15ms           
00BF   1283 1303      00052     BANKSEL PORTD
00C1   1288           00053     BCF     LCD_RS              ;RS = LOW
                      00054     
                      00055     ;Inicia secuencia de inicialización
                      00056     ;Function set
00C2   1283 1303      00057     BANKSEL PORTD
00C4   3003           00058     MOVLW   b'00000011' ;Carga el valor del puerto D
00C5   0088           00059     MOVWF   PORTD       ;Manda el valor al puerto
00C6   1608           00060     BSF     LCD_EN      ;Activa el bit de ENABLE
00C7   2???           00061     CALL    Delay100us
00C8   1208           00062     BCF     LCD_EN
00C9   2???           00063     CALL    Delay4_1ms
                      00064         
                      00065     ;Function set
00CA   1283 1303      00066     BANKSEL PORTD
00CC   3003           00067     MOVLW   b'00000011'
00CD   1608           00068     BSF     LCD_EN
00CE   2???           00069     CALL    Delay100us
00CF   1208           00070     BCF     LCD_EN      ;Lee Function set
00D0   2???           00071     CALL    Delay100us
                      00072         
                      00073     ;Function set
00D1   1283 1303      00074     BANKSEL PORTD
00D3   3003           00075     MOVLW   b'00000011'
00D4   0088           00076     MOVWF   PORTD
00D5   1608           00077     BSF     LCD_EN
00D6   2???           00078     CALL    Delay100us
00D7   1208           00079     BCF     LCD_EN      ;Lee Function set
00D8   2???           00080     CALL    Delay4_1ms
                      00081     
                      00082     ;Function set
00D9   1283 1303      00083     BANKSEL PORTD
00DB   3002           00084     MOVLW   b'00000010'
00DC   0088           00085     MOVWF PORTD
00DD   1608           00086     BSF     LCD_EN
00DE   2???           00087     CALL    Delay100us
00DF   1208           00088     BCF     LCD_EN      ;Lee Function set
00E0   2???           00089     CALL    Delay4_1ms
                      00090         
                      00091     ;Function set
00E1   1283 1303      00092     BANKSEL PORTD
00E3   3002           00093     movlw   b'00000010' ;MSB Función set
00E4   0088           00094     movwf   PORTD
00E5   1608           00095     bsf     LCD_EN
00E6   2???           00096     CALL    Delay100us
00E7   1208           00097     bcf     LCD_EN      
00E8   2???           00098     CALL    Delay4_1ms
00E9   300E           00099     movlw   b'00001110' ;LSB Función set
00EA   0088           00100     movwf   PORTD
00EB   1608           00101     bsf     LCD_EN
MPASM 5.82  /HOME/OMARS/MPLABXPROJECTS/PIC16   12-15-2021  19:38:48         PAGE 10


LOC  OBJECT CODE     LINE SOURCE TEXT
  VALUE

00EC   2???           00102     CALL    Delay100us
00ED   1208           00103     bcf     LCD_EN      
00EE   2???           00104     CALL    Delay4_1ms
                      00105         
                      00106     ;Display off
00EF   1283 1303      00107     BANKSEL PORTD
00F1   3000           00108     movlw   b'00000000' ;MSB Funcion display
00F2   0088           00109     movwf   PORTD
00F3   1608           00110     bsf     LCD_EN
00F4   2???           00111     CALL    Delay100us
00F5   1208           00112     bcf     LCD_EN      
00F6   2???           00113     CALL    Delay4_1ms
00F7   3008           00114     movlw   b'00001000' ;LSB Funcion display
00F8   0088           00115     movwf   PORTD
00F9   1608           00116     bsf     LCD_EN
00FA   2???           00117     CALL    Delay100us
00FB   1208           00118     bcf     LCD_EN      
00FC   2???           00119     CALL    Delay4_1ms
                      00120         
                      00121     ;Display clear
00FD   1283 1303      00122     BANKSEL PORTD
00FF   3000           00123     movlw   b'00000000' ;MSB Funcion clear
0100   0088           00124     movwf   PORTD
0101   1608           00125     bsf     LCD_EN
0102   2???           00126     CALL    Delay100us
0103   1208           00127     bcf     LCD_EN      
0104   2???           00128     call    Delay4_1ms
0105   3001           00129     movlw   b'00000001' ;LSB Funcion clear
0106   0088           00130     movwf   PORTD
0107   1608           00131     bsf     LCD_EN
0108   2???           00132     CALL    Delay100us
0109   1208           00133     bcf     LCD_EN      
010A   2???           00134     call    Delay4_1ms
                      00135 
                      00136     ;Entry mode set
010B   1283 1303      00137     BANKSEL PORTD
010D   3000           00138     movlw   b'00000000' ;MSB Funcion mode set
010E   0088           00139     movwf   PORTD
010F   1608           00140     bsf     LCD_EN
0110   2???           00141     call    Delay100us
0111   1208           00142     bcf     LCD_EN      
0112   2???           00143     call    Delay4_1ms
0113   3006           00144     movlw   b'00000110' ;LSB Funcion mode set
0114   0088           00145     movwf   PORTD
0115   1608           00146     bsf     LCD_EN
0116   2???           00147     call    Delay100us
0117   1208           00148     bcf     LCD_EN      
0118   2???           00149     call    Delay4_1ms
                      00150         
                      00151     ;DDRAM ACCES
0119   1283 1303      00152     BANKSEL PORTD
011B   3008           00153     movlw   b'00001000' ;MSB DDRAM Access
011C   0088           00154     movwf   PORTD
MPASM 5.82  /HOME/OMARS/MPLABXPROJECTS/PIC16   12-15-2021  19:38:48         PAGE 11


LOC  OBJECT CODE     LINE SOURCE TEXT
  VALUE

011D   1608           00155     bsf     LCD_EN
011E   2???           00156     call    Delay100us
011F   1208           00157     bcf     LCD_EN      
0120   2???           00158     call    Delay4_1ms
0121   3000           00159     movlw   b'00000000' ;LSB DDRAM Access
0122   0088           00160     movwf   PORTD
0123   1608           00161     bsf     LCD_EN
0124   2???           00162     call    Delay100us
0125   1208           00163     bcf     LCD_EN      
0126   2???           00164     call    Delay4_1ms
                      00165         
                      00166     ;Display on
0127   1283 1303      00167     BANKSEL PORTD
0129   3000           00168     movlw   b'00000000' ;MSB Display ON
012A   0088           00169     movwf   PORTD
012B   1608           00170     bsf     LCD_EN
012C   2???           00171     call    Delay100us
012D   1208           00172     bcf     LCD_EN      
012E   2???           00173     call    Delay4_1ms
012F   300C           00174     movlw   b'00001100' ;LSB Display ON
0130   0088           00175     movwf   PORTD
0131   1608           00176     bsf     LCD_EN
0132   2???           00177     call    Delay100us
0133   1208           00178     bcf     LCD_EN      
0134   2???           00179     call    Delay4_1ms
                      00180         
0135   0008           00181     return
                      00182     
                      00183 ;*****************************************************************************;
                      00184 ;   Ejemplo de envío del caracter H
                      00185 ;   Ubicación del caracter H: 0100 1000
                      00186 ;   Se tiene que enviar primero 0100 y posteriormente 1000
                      00187 ;   1. NIBBLE almacena el valor 0100 1000
                      00188 ;   2. Intercambia los nibbles y los almacena en W -> W = 0100 
                      00189 ;   3. Realiza una AND con 0x0F para tener solamente 4 bits
                      00190 ;       W = 0000 0100
                      00191 ;   4. Le suma 00100000 para habilitar RS como datos -> W = 0010 0100
                      00192 ;   5. Se envía a la LCD (PUERTO D)
                      00193 ;   6. Mueve al registro de trabajo la variable NIBBLE -> W = 0100 1000
                      00194 ;   7. Realiza una AND con 0x0F para tener solamente 4 bits
                      00195 ;       W = 0000 1000
                      00196 ;   8. Le suma 00100000 para habilitar RS como datos -> W = 0010 1000
                      00197 ;   9. Se envía a la LCD (PUERTO D)
                      00198 ;******************************************************************************;
                      00199     
                      00200 ;*****************************************************************************;
                      00201 ;                                   LCD_Char                                  ;
                      00202 ;   Imprime cualquier caracter en la posición actual de la LCD.               ;
                      00203 ;                                                                             ;
                      00204 ;   Ejemplo de uso:                                                           ;
                      00205 ;       movlw   'H'             ;Caracter a escribir                          ;
                      00206 ;       call    LCD_Char                                                      ;
                      00207 ;                                                                             ;
MPASM 5.82  /HOME/OMARS/MPLABXPROJECTS/PIC16   12-15-2021  19:38:48         PAGE 12


LOC  OBJECT CODE     LINE SOURCE TEXT
  VALUE

                      00208 ;*****************************************************************************;
0136                  00209 LCD_Char
0136   1283 1303      00210     BANKSEL PORTD
0138   1688           00211     bsf     LCD_RS      ;Se enviará un dato
0139   00A8           00212     movwf   NIBBLE      ;Almacenamos el valor en la variable NIBBLE
013A   0E28           00213     swapf   NIBBLE,w    ;Intercambia los NIBBLE
013B   390F           00214     andlw   0x0F        ;AND con 0x0F
013C   3E20           00215     addlw   b'00100000' ;Suma 00100000
013D   0088           00216     movwf   PORTD       ;Se envía al puerto D
013E   1608           00217     bsf     LCD_EN      ;ENABLE = HIGH
013F   2???           00218     call    Delay100us
0140   1208           00219     bcf     LCD_EN      ;ENABLE = LOW
0141   2???           00220     call    Delay4_1ms
0142   0828           00221     movf    NIBBLE,w    ;Mueve la variable NIBBLE a W
0143   390F           00222     andlw   0x0F        ;AND con 0x0F
0144   3E20           00223     addlw   b'00100000' ;Suma 00100000
0145   0088           00224     movwf   PORTD       ;Se envía al puerto D
0146   1608           00225     bsf     LCD_EN      ;ENABLE = HIGH
0147   2???           00226     call    Delay100us
0148   1208           00227     bcf     LCD_EN      ;ENABLE = LOW
0149   2???           00228     call    Delay4_1ms
014A   0008           00229     return      
                      00230     
                      00231 ;*****************************************************************************;
                      00232 ;                                   LCD_Clear                                 ;
                      00233 ;   Limpia todo lo que está escrito en la LCD y posteriormente regresa el     ;
                      00234 ;   cursor a Home.
                      00235 ;                                                                             ;
                      00236 ;   Ejemplo de uso:                                                           ;
                      00237 ;       call    LCD_Clear                                                     ;
                      00238 ;                                                                             ;
                      00239 ;*****************************************************************************;
014B                  00240 LCD_Clear
014B   1283 1303      00241     BANKSEL PORTD
014D   1288           00242     bcf     LCD_RS
014E   3000           00243     movlw       b'00000000'
014F   0088           00244     movwf       PORTD
0150   1608           00245     bsf LCD_EN
0151   2???           00246     call        Delay100us
0152   1208           00247     bcf LCD_EN  
0153   2???           00248     call        Delay4_1ms
0154   3001           00249     movlw       b'00000001'
0155   0088           00250     movwf       PORTD
0156   1608           00251     bsf LCD_EN
0157   2???           00252     call        Delay100us
0158   1208           00253     bcf LCD_EN  
0159   2???           00254     call        Delay4_1ms
015A   0008           00255     return
                      00256     
                      00257 ;*****************************************************************************;
                      00258 ;                                   LCD_Home                                  ;
                      00259 ;   Envia el cursor a la posición inicial de la LCD                           ;
                      00260 ;                                                                             ;
MPASM 5.82  /HOME/OMARS/MPLABXPROJECTS/PIC16   12-15-2021  19:38:48         PAGE 13


LOC  OBJECT CODE     LINE SOURCE TEXT
  VALUE

                      00261 ;   Ejemplo de uso:                                                           ;
                      00262 ;       call    LCD_Home                                                      ;
                      00263 ;                                                                             ;
                      00264 ;*****************************************************************************;
015B                  00265 LCD_Home
015B   1283 1303      00266     BANKSEL PORTD
015D   1288           00267     bcf     LCD_RS
015E   3000           00268     movlw       b'00000000'
015F   0088           00269     movwf       PORTD
0160   1608           00270     bsf LCD_EN
0161   2???           00271     call        Delay100us
0162   1208           00272     bcf LCD_EN  ;Lee Function set
0163   2???           00273     call        Delay4_1ms
0164   3002           00274     movlw       b'00000010'
0165   0088           00275     movwf       PORTD
0166   1608           00276     bsf LCD_EN
0167   2???           00277     call        Delay100us
0168   1208           00278     bcf LCD_EN  ;Lee Function set
0169   2???           00279     call        Delay4_1ms
016A   0008           00280     return
                      00281    
                      00282 ;*****************************************************************************;
                      00283 ;                                   LCD_GoTo                                  ;
                      00284 ;   Inicializa la LCD, esta función se debe ejecutar antes de cualquier otra  ;
                      00285 ;   que involucre el uso de la LCD.                                           ;
                      00286 ;                                                                             ;
                      00287 ;   Ejemplo de uso:                                                           ;
                      00288 ;       movlw   0x03        ;Posición de la LCD                               ;
                      00289 ;       call    LCD_GoTo                                                      ;
                      00290 ;                                                                             ;
                      00291 ;*****************************************************************************;
                      00292 ;                       POSICIONES DE LA LCD 2X16                             ;
                      00293 ;                                                                             ;
                      00294 ;          00 01 02 03 04 05 06 07 08 09 0A 0B 0C 0D 0E 0F                    ;
                      00295 ;          40 41 42 43 44 45 46 47 48 49 4A 4B 4C 4D 4E 4F                    ;
                      00296 ;                                                                             ;
                      00297 ;*****************************************************************************;
016B                  00298 LCD_GoTo
016B   1283 1303      00299     BANKSEL PORTD
016D   1288           00300     bcf     LCD_RS
016E   00A8           00301     movwf   NIBBLE
016F   0E28           00302     swapf   NIBBLE,w
0170   390F           00303     andlw   0x0F
0171   3E08           00304     addlw   b'00001000'  ;FUNCION DDRAM
0172   0088           00305     movwf   PORTD
0173   1608           00306     bsf     LCD_EN
0174   2???           00307     call    Delay100us
0175   1208           00308     bcf     LCD_EN      ;Lee Function set
0176   2???           00309     call    Delay4_1ms
0177   0828           00310     movf    NIBBLE,w
0178   390F           00311     andlw   0x0F
0179   0088           00312     movwf   PORTD
017A   1608           00313     bsf     LCD_EN
MPASM 5.82  /HOME/OMARS/MPLABXPROJECTS/PIC16   12-15-2021  19:38:48         PAGE 14


LOC  OBJECT CODE     LINE SOURCE TEXT
  VALUE

017B   2???           00314     call    Delay100us
017C   1208           00315     bcf     LCD_EN      ;Lee Function set
017D   2???           00316     call    Delay4_1ms
017E   0008           00317     return
                      00318 
                      00319 ;*****************************************************************************;
                      00320 ;                       Funciones de retardos                                 ;
                      00321 ;*****************************************************************************;
017F                  00322 Delay167us:
017F   1283 1303      00323         banksel Count167us
0181   30A7           00324         movlw   D'167'
0182   00A0           00325         movwf   Count167us
0183                  00326 D167us:
Message[305]: Using default destination of 1 (file).
0183   0BA0           00327         decfsz  Count167us
0184   2???           00328         goto    D167us
0185   0008           00329         return
                      00330         
0186                  00331 Delay334us:
0186   1283 1303      00332         banksel Count334us
0188   3002           00333         movlw   D'2'
0189   00A5           00334         movwf   Count334us
018A                  00335 D334us:
018A   2???           00336         call    Delay167us
Message[305]: Using default destination of 1 (file).
018B   0BA5           00337         decfsz  Count334us
018C   2???           00338         goto    D334us
018D   0008           00339         return
                      00340 
018E                  00341 Delay4_1ms:
018E   1283 1303      00342         banksel Count4_1ms
0190   300D           00343         movlw   D'13'
0191   00A4           00344         movwf   Count4_1ms
0192                  00345 D4_1ms:
0192   2???           00346         call    Delay334us
Message[305]: Using default destination of 1 (file).
0193   0BA4           00347         decfsz  Count4_1ms
0194   2???           00348         goto    D4_1ms
0195   0008           00349         return
                      00350 
0196                  00351 Delay100us:
0196   1283 1303      00352         banksel Count100us
0198   3064           00353         movlw   D'100'
0199   00A3           00354         movwf   Count100us
019A                  00355 D100us:
Message[305]: Using default destination of 1 (file).
019A   0BA3           00356         decfsz  Count100us
019B   2???           00357         goto    D100us
019C   0008           00358         return
                      00359 
019D                  00360 Delay1ms:
019D   1283 1303      00361         banksel Count1ms
019F   3003           00362         movlw   D'3'
MPASM 5.82  /HOME/OMARS/MPLABXPROJECTS/PIC16   12-15-2021  19:38:48         PAGE 15


LOC  OBJECT CODE     LINE SOURCE TEXT
  VALUE

01A0   00A2           00363         movwf   Count1ms
01A1                  00364 D1ms:
01A1   2???           00365         call    Delay334us
Message[305]: Using default destination of 1 (file).
01A2   0BA2           00366         decfsz  Count1ms
01A3   2???           00367         goto    D1ms
01A4   0008           00368         return
                      00369 
01A5                  00370 Delay15ms:
01A5   1283 1303      00371         banksel Count15ms
01A7   300F           00372         movlw   D'15'
01A8   00A1           00373         movwf   Count15ms
01A9                  00374 D15ms:
01A9   2???           00375         call    Delay1ms
Message[305]: Using default destination of 1 (file).
01AA   0BA1           00376         decfsz  Count15ms
01AB   2???           00377         goto    D15ms
01AC   0008           00378         return
                      00379         
                      00380 ;;;;
01AD                  00381 Delay1s:
01AD   1283 1303      00382         banksel Count1s
Warning[202]: Argument out of range.  Least significant bits used.
01AF   30E8           00383         movlw   D'1000'
01B0   00A7           00384         movwf   Count1s
01B1                  00385 D1s:
01B1   2???           00386         call    Delay1ms
Message[305]: Using default destination of 1 (file).
01B2   0BA7           00387         decfsz  Count1s
01B3   2???           00388         goto    D1s
01B4   0008           00389         return
                      00390 ;;;;;   
01B5                  00391 Delay668us:
01B5   1283 1303      00392         banksel Count668us
01B7   3002           00393         movlw   D'2'
01B8   00A6           00394         movwf   Count668us
01B9                  00395 D668us:
Message[305]: Using default destination of 1 (file).
01B9   0BA6           00396         decfsz  Count668us
01BA   2???           00397         goto    D334us
01BB   0008           00398         return
                      00399     
                      00400     
                      00401     
                      00311 
                      00312 ;;;;;;;;;;;;;;;;;;;;;;;    
                      00313    
                      00314         
Warning[205]: Found directive in column 1. (END)
20F2 3EFF             00315 END
MPASM 5.82  /HOME/OMARS/MPLABXPROJECTS/PIC16   12-15-2021  19:38:48         PAGE 16


SYMBOL TABLE
  LABEL                             VALUE 

ABDEN                             00000000
ABDOVF                            00000007
ACKDT                             00000005
ACKEN                             00000004
ACKSTAT                           00000006
ADCON0                            0000001F
ADCON1                            0000009F
ADCS0                             00000006
ADCS1                             00000007
ADDEN                             00000003
ADFM                              00000007
ADIE                              00000006
ADIF                              00000006
ADON                              00000000
ADRESH                            0000001E
ADRESL                            0000009E
AND_RESULT                        00000026
ANS0                              00000000
ANS1                              00000001
ANS10                             00000002
ANS11                             00000003
ANS12                             00000004
ANS13                             00000005
ANS2                              00000002
ANS3                              00000003
ANS4                              00000004
ANS5                              00000005
ANS6                              00000006
ANS7                              00000007
ANS8                              00000000
ANS9                              00000001
ANSEL                             00000188
ANSELH                            00000189
BAUDCTL                           00000187
BCLIE                             00000003
BCLIF                             00000003
BF                                00000000
BRG0                              00000000
BRG1                              00000001
BRG10                             00000002
BRG11                             00000003
BRG12                             00000004
BRG13                             00000005
BRG14                             00000006
BRG15                             00000007
BRG16                             00000003
BRG2                              00000002
BRG3                              00000003
BRG4                              00000004
BRG5                              00000005
BRG6                              00000006
BRG7                              00000007
BRG8                              00000000
MPASM 5.82  /HOME/OMARS/MPLABXPROJECTS/PIC16   12-15-2021  19:38:48         PAGE 17


SYMBOL TABLE
  LABEL                             VALUE 

BRG9                              00000001
BRGH                              00000002
BUCLE                             00000032
C                                 00000000
C1CH0                             00000000
C1CH1                             00000001
C1IE                              00000005
C1IF                              00000005
C1OE                              00000005
C1ON                              00000007
C1OUT                             00000006
C1POL                             00000004
C1R                               00000002
C1RSEL                            00000005
C1SEN                             00000005
C2CH0                             00000000
C2CH1                             00000001
C2IE                              00000006
C2IF                              00000006
C2OE                              00000005
C2ON                              00000007
C2OUT                             00000006
C2POL                             00000004
C2R                               00000002
C2REN                             00000004
C2RSEL                            00000004
C2SYNC                            00000000
CCP1CON                           00000017
CCP1IE                            00000002
CCP1IF                            00000002
CCP1M0                            00000000
CCP1M1                            00000001
CCP1M2                            00000002
CCP1M3                            00000003
CCP1X                             00000005
CCP1Y                             00000004
CCP2CON                           0000001D
CCP2IE                            00000000
CCP2IF                            00000000
CCP2M0                            00000000
CCP2M1                            00000001
CCP2M2                            00000002
CCP2M3                            00000003
CCP2X                             00000005
CCP2Y                             00000004
CCPR1                             00000015
CCPR1H                            00000016
CCPR1L                            00000015
CCPR2                             0000001B
CCPR2H                            0000001C
CCPR2L                            0000001B
CHS0                              00000002
CHS1                              00000003
MPASM 5.82  /HOME/OMARS/MPLABXPROJECTS/PIC16   12-15-2021  19:38:48         PAGE 18


SYMBOL TABLE
  LABEL                             VALUE 

CHS2                              00000004
CHS3                              00000005
CKE                               00000006
CKP                               00000004
CM1CON0                           00000107
CM2CON0                           00000108
CM2CON1                           00000109
CREN                              00000004
CSRC                              00000007
Count100us                        00000023
Count15ms                         00000021
Count167us                        00000020
Count1ms                          00000022
Count1s                           00000027
Count334us                        00000025
Count4_1ms                        00000024
Count668us                        00000026
D                                 00000005
D100us                            0000019A
D15ms                             000001A9
D167us                            00000183
D1ms                              000001A1
D1s                               000001B1
D334us                            0000018A
D4_1ms                            00000192
D668us                            000001B9
DATA_ADDRESS                      00000005
DC                                00000001
DC1B0                             00000004
DC1B1                             00000005
DC2B0                             00000004
DC2B1                             00000005
D_A                               00000005
D_NOT_A                           00000005
Delay100us                        00000196
Delay15ms                         000001A5
Delay167us                        0000017F
Delay1ms                          0000019D
Delay1s                           000001AD
Delay334us                        00000186
Delay4_1ms                        0000018E
Delay668us                        000001B5
ECCPAS                            0000009C
ECCPAS0                           00000004
ECCPAS1                           00000005
ECCPAS2                           00000006
ECCPASE                           00000007
EEADR                             0000010D
EEADRH                            0000010F
EECON1                            0000018C
EECON2                            0000018D
EEDAT                             0000010C
EEDATA                            0000010C
MPASM 5.82  /HOME/OMARS/MPLABXPROJECTS/PIC16   12-15-2021  19:38:48         PAGE 19


SYMBOL TABLE
  LABEL                             VALUE 

EEDATH                            0000010E
EEIE                              00000004
EEIF                              00000004
EEPGD                             00000007
F                                 00000001
FERR                              00000002
FSR                               00000004
FVREN                             00000000
GCEN                              00000007
GIE                               00000007
GO                                00000001
GO_DONE                           00000001
GO_NOT_DONE                       00000001
HIGH_ADC_OK                       00000025
HTS                               00000002
I2C_DATA                          00000005
I2C_READ                          00000002
I2C_START                         00000003
I2C_STOP                          00000004
INDF                              00000000
INICIO                            00000005
INTCON                            0000000B
INTE                              00000004
INTEDG                            00000006
INTF                              00000001
IOCB                              00000096
IOCB0                             00000000
IOCB1                             00000001
IOCB2                             00000002
IOCB3                             00000003
IOCB4                             00000004
IOCB5                             00000005
IOCB6                             00000006
IOCB7                             00000007
IRCF0                             00000004
IRCF1                             00000005
IRCF2                             00000006
IRP                               00000007
LCD_Char                          00000136
LCD_Clear                         0000014B
LCD_EN                            PORTD,4
LCD_GoTo                          0000016B
LCD_Home                          0000015B
LCD_Init                          000000BB
LCD_RS                            PORTD,5
LOW_ADC_OK                        00000024
LTS                               00000001
MC1OUT                            00000007
MC2OUT                            00000006
MSK                               00000093
MSK0                              00000000
MSK1                              00000001
MSK2                              00000002
MPASM 5.82  /HOME/OMARS/MPLABXPROJECTS/PIC16   12-15-2021  19:38:48         PAGE 20


SYMBOL TABLE
  LABEL                             VALUE 

MSK3                              00000003
MSK4                              00000004
MSK5                              00000005
MSK6                              00000006
MSK7                              00000007
NIBBLE                            00000028
NOT_A                             00000005
NOT_ADDRESS                       00000005
NOT_BO                            00000000
NOT_BOR                           00000000
NOT_DONE                          00000001
NOT_PD                            00000003
NOT_POR                           00000001
NOT_RBPU                          00000007
NOT_RC8                           00000006
NOT_T1SYNC                        00000002
NOT_TO                            00000004
NOT_TX8                           00000006
NOT_W                             00000002
NOT_WRITE                         00000002
OERR                              00000001
OPTION_REG                        00000081
OSCCON                            0000008F
OSCTUNE                           00000090
OSFIE                             00000007
OSFIF                             00000007
OSTS                              00000003
P                                 00000004
P1M0                              00000006
P1M1                              00000007
PCL                               00000002
PCLATH                            0000000A
PCON                              0000008E
PDC0                              00000000
PDC1                              00000001
PDC2                              00000002
PDC3                              00000003
PDC4                              00000004
PDC5                              00000005
PDC6                              00000006
PEIE                              00000006
PEN                               00000002
PIE1                              0000008C
PIE2                              0000008D
PIR1                              0000000C
PIR2                              0000000D
PORTA                             00000005
PORTB                             00000006
PORTC                             00000007
PORTD                             00000008
PORTE                             00000009
PR2                               00000092
PRSEN                             00000007
MPASM 5.82  /HOME/OMARS/MPLABXPROJECTS/PIC16   12-15-2021  19:38:48         PAGE 21


SYMBOL TABLE
  LABEL                             VALUE 

PS0                               00000000
PS1                               00000001
PS2                               00000002
PSA                               00000003
PSSAC0                            00000002
PSSAC1                            00000003
PSSBD0                            00000000
PSSBD1                            00000001
PSTRCON                           0000009D
PULSR                             00000002
PULSS                             00000003
PWM1CON                           0000009B
R                                 00000002
RA0                               00000000
RA1                               00000001
RA2                               00000002
RA3                               00000003
RA4                               00000004
RA5                               00000005
RA6                               00000006
RA7                               00000007
RB0                               00000000
RB1                               00000001
RB2                               00000002
RB3                               00000003
RB4                               00000004
RB5                               00000005
RB6                               00000006
RB7                               00000007
RBIE                              00000003
RBIF                              00000000
RC0                               00000000
RC1                               00000001
RC2                               00000002
RC3                               00000003
RC4                               00000004
RC5                               00000005
RC6                               00000006
RC7                               00000007
RC8_9                             00000006
RC9                               00000006
RCD8                              00000000
RCEN                              00000003
RCIDL                             00000006
RCIE                              00000005
RCIF                              00000005
RCREG                             0000001A
RCSTA                             00000018
RD                                00000000
RD0                               00000000
RD1                               00000001
RD2                               00000002
RD3                               00000003
MPASM 5.82  /HOME/OMARS/MPLABXPROJECTS/PIC16   12-15-2021  19:38:48         PAGE 22


SYMBOL TABLE
  LABEL                             VALUE 

RD4                               00000004
RD5                               00000005
RD6                               00000006
RD7                               00000007
RE0                               00000000
RE1                               00000001
RE2                               00000002
RE3                               00000003
READ_WRITE                        00000002
RP0                               00000005
RP1                               00000006
RSEN                              00000001
RX9                               00000006
RX9D                              00000000
R_NOT_W                           00000002
R_W                               00000002
Ret1                              00000029
Ret2                              0000002A
S                                 00000003
SBOREN                            00000004
SCKP                              00000004
SCS                               00000000
SEN                               00000000
SENDB                             00000003
SET_NOK                           00000021
SET_OK                            00000020
SMP                               00000007
SPBRG                             00000099
SPBRGH                            0000009A
SPEN                              00000007
SR0                               00000006
SR1                               00000007
SRCON                             00000185
SREN                              00000005
SSPADD                            00000093
SSPBUF                            00000013
SSPCON                            00000014
SSPCON2                           00000091
SSPEN                             00000005
SSPIE                             00000003
SSPIF                             00000003
SSPM0                             00000000
SSPM1                             00000001
SSPM2                             00000002
SSPM3                             00000003
SSPMSK                            00000093
SSPOV                             00000006
SSPSTAT                           00000094
STATUS                            00000003
STRA                              00000000
STRB                              00000001
STRC                              00000002
STRD                              00000003
MPASM 5.82  /HOME/OMARS/MPLABXPROJECTS/PIC16   12-15-2021  19:38:48         PAGE 23


SYMBOL TABLE
  LABEL                             VALUE 

STRSYNC                           00000004
SWDTEN                            00000000
SYNC                              00000004
T0CS                              00000005
T0IE                              00000005
T0IF                              00000002
T0SE                              00000004
T1CKPS0                           00000004
T1CKPS1                           00000005
T1CON                             00000010
T1GINV                            00000007
T1GIV                             00000007
T1GSS                             00000001
T1INSYNC                          00000002
T1OSCEN                           00000003
T1SYNC                            00000002
T2CKPS0                           00000000
T2CKPS1                           00000001
T2CON                             00000012
TEMP_NOK                          00000099
TEMP_OK                           00000077
TMR0                              00000001
TMR0IE                            00000005
TMR0IF                            00000002
TMR1                              0000000E
TMR1CS                            00000001
TMR1GE                            00000006
TMR1H                             0000000F
TMR1IE                            00000000
TMR1IF                            00000000
TMR1L                             0000000E
TMR1ON                            00000000
TMR2                              00000011
TMR2IE                            00000001
TMR2IF                            00000001
TMR2ON                            00000002
TOUTPS0                           00000003
TOUTPS1                           00000004
TOUTPS2                           00000005
TOUTPS3                           00000006
TRISA                             00000085
TRISA0                            00000000
TRISA1                            00000001
TRISA2                            00000002
TRISA3                            00000003
TRISA4                            00000004
TRISA5                            00000005
TRISA6                            00000006
TRISA7                            00000007
TRISB                             00000086
TRISB0                            00000000
TRISB1                            00000001
TRISB2                            00000002
MPASM 5.82  /HOME/OMARS/MPLABXPROJECTS/PIC16   12-15-2021  19:38:48         PAGE 24


SYMBOL TABLE
  LABEL                             VALUE 

TRISB3                            00000003
TRISB4                            00000004
TRISB5                            00000005
TRISB6                            00000006
TRISB7                            00000007
TRISC                             00000087
TRISC0                            00000000
TRISC1                            00000001
TRISC2                            00000002
TRISC3                            00000003
TRISC4                            00000004
TRISC5                            00000005
TRISC6                            00000006
TRISC7                            00000007
TRISD                             00000088
TRISD0                            00000000
TRISD1                            00000001
TRISD2                            00000002
TRISD3                            00000003
TRISD4                            00000004
TRISD5                            00000005
TRISD6                            00000006
TRISD7                            00000007
TRISE                             00000089
TRISE0                            00000000
TRISE1                            00000001
TRISE2                            00000002
TRISE3                            00000003
TRMT                              00000001
TUN0                              00000000
TUN1                              00000001
TUN2                              00000002
TUN3                              00000003
TUN4                              00000004
TX8_9                             00000006
TX9                               00000006
TX9D                              00000000
TXD8                              00000000
TXEN                              00000005
TXIE                              00000004
TXIF                              00000004
TXREG                             00000019
TXSTA                             00000098
UA                                00000001
ULPWUE                            00000005
ULPWUIE                           00000002
ULPWUIF                           00000002
VCFG0                             00000004
VCFG1                             00000005
VR0                               00000000
VR1                               00000001
VR2                               00000002
VR3                               00000003
MPASM 5.82  /HOME/OMARS/MPLABXPROJECTS/PIC16   12-15-2021  19:38:48         PAGE 25


SYMBOL TABLE
  LABEL                             VALUE 

VRCON                             00000097
VREN                              00000007
VROE                              00000006
VRR                               00000005
VRSS                              00000004
W                                 00000000
WCOL                              00000007
WDTCON                            00000105
WDTPS0                            00000001
WDTPS1                            00000002
WDTPS2                            00000003
WDTPS3                            00000004
WPUB                              00000095
WPUB0                             00000000
WPUB1                             00000001
WPUB2                             00000002
WPUB3                             00000003
WPUB4                             00000004
WPUB5                             00000005
WPUB6                             00000006
WPUB7                             00000007
WR                                00000001
WREN                              00000002
WRERR                             00000003
WUE                               00000001
Z                                 00000002
_BOR21V                           00003EFF
_BOR40V                           00003FFF
_BOR4V_BOR21V                     00003EFF
_BOR4V_BOR40V                     00003FFF
_BOREN_NSLEEP                     00003EFF
_BOREN_OFF                        00003CFF
_BOREN_ON                         00003FFF
_BOREN_SBODEN                     00003DFF
_BOR_NSLEEP                       00003EFF
_BOR_OFF                          00003CFF
_BOR_ON                           00003FFF
_BOR_SBODEN                       00003DFF
_CONFIG1                          00002007
_CONFIG2                          00002008
_CPD_OFF                          00003FFF
_CPD_ON                           00003F7F
_CP_OFF                           00003FFF
_CP_ON                            00003FBF
_DEBUG_OFF                        00003FFF
_DEBUG_ON                         00001FFF
_DEVID1                           00002006
_EC_OSC                           00003FFB
_EXTRC                            00003FFF
_EXTRCIO                          00003FFE
_EXTRC_OSC_CLKOUT                 00003FFF
_EXTRC_OSC_NOCLKOUT               00003FFE
_FCMEN_OFF                        000037FF
MPASM 5.82  /HOME/OMARS/MPLABXPROJECTS/PIC16   12-15-2021  19:38:48         PAGE 26


SYMBOL TABLE
  LABEL                             VALUE 

_FCMEN_ON                         00003FFF
_FOSC_EC                          00003FFB
_FOSC_EXTRC_CLKOUT                00003FFF
_FOSC_EXTRC_NOCLKOUT              00003FFE
_FOSC_HS                          00003FFA
_FOSC_INTRC_CLKOUT                00003FFD
_FOSC_INTRC_NOCLKOUT              00003FFC
_FOSC_LP                          00003FF8
_FOSC_XT                          00003FF9
_HS_OSC                           00003FFA
_IDLOC0                           00002000
_IDLOC1                           00002001
_IDLOC2                           00002002
_IDLOC3                           00002003
_IESO_OFF                         00003BFF
_IESO_ON                          00003FFF
_INTOSC                           00003FFD
_INTOSCIO                         00003FFC
_INTRC_OSC_CLKOUT                 00003FFD
_INTRC_OSC_NOCLKOUT               00003FFC
_LP_OSC                           00003FF8
_LVP_OFF                          00002FFF
_LVP_ON                           00003FFF
_MCLRE_OFF                        00003FDF
_MCLRE_ON                         00003FFF
_PWRTE_OFF                        00003FFF
_PWRTE_ON                         00003FEF
_WDTE_OFF                         00003FF7
_WDTE_ON                          00003FFF
_WDT_OFF                          00003FF7
_WDT_ON                           00003FFF
_WRT_1FOURTH                      00003BFF
_WRT_256                          00003DFF
_WRT_HALF                         000039FF
_WRT_OFF                          00003FFF
_XT_OSC                           00003FF9
__16F887                          00000001
adclecturaH                       00000022
adclecturaL                       00000023

Errors   :     0
Warnings :    48 reported,     0 suppressed
Messages :    15 reported,     0 suppressed

