Warning[205] /home/omars/MPLABXProjects/PIC16F887/LCD_RS232.X/main.asm 1 : Found directive in column 1. (LIST)
Warning[205] /home/omars/MPLABXProjects/PIC16F887/LCD_RS232.X/main.asm 12 : Found directive in column 1. (CBLOCK)
Warning[205] /home/omars/MPLABXProjects/PIC16F887/LCD_RS232.X/main.asm 16 : Found directive in column 1. (ORG)
Warning[205] /home/omars/MPLABXProjects/PIC16F887/LCD_RS232.X/main.asm 19 : Found directive in column 1. (ORG)
Message[302] /home/omars/MPLABXProjects/PIC16F887/LCD_RS232.X/main.asm 23 : Register in operand not in bank 0.  Ensure that bank bits are correct.
Message[302] /home/omars/MPLABXProjects/PIC16F887/LCD_RS232.X/main.asm 25 : Register in operand not in bank 0.  Ensure that bank bits are correct.
Message[302] /home/omars/MPLABXProjects/PIC16F887/LCD_RS232.X/main.asm 28 : Register in operand not in bank 0.  Ensure that bank bits are correct.
Message[302] /home/omars/MPLABXProjects/PIC16F887/LCD_RS232.X/main.asm 30 : Register in operand not in bank 0.  Ensure that bank bits are correct.
Message[302] /home/omars/MPLABXProjects/PIC16F887/LCD_RS232.X/main.asm 33 : Register in operand not in bank 0.  Ensure that bank bits are correct.
Message[302] /home/omars/MPLABXProjects/PIC16F887/LCD_RS232.X/main.asm 54 : Register in operand not in bank 0.  Ensure that bank bits are correct.
Message[302] /home/omars/MPLABXProjects/PIC16F887/LCD_RS232.X/main.asm 57 : Register in operand not in bank 0.  Ensure that bank bits are correct.
Message[302] /home/omars/MPLABXProjects/PIC16F887/LCD_RS232.X/main.asm 60 : Register in operand not in bank 0.  Ensure that bank bits are correct.
Message[302] /home/omars/MPLABXProjects/PIC16F887/LCD_RS232.X/main.asm 63 : Register in operand not in bank 0.  Ensure that bank bits are correct.
Message[302] /home/omars/MPLABXProjects/PIC16F887/LCD_RS232.X/main.asm 72 : Register in operand not in bank 0.  Ensure that bank bits are correct.
Warning[205] /home/omars/MPLABXProjects/PIC16F887/LCD_RS232.X/LCD.inc 5 : Found directive in column 1. (CBLOCK)
Warning[205] /home/omars/MPLABXProjects/PIC16F887/LCD_RS232.X/LCD.inc 17 : Found directive in column 1. (ENDC)
Message[305] /home/omars/MPLABXProjects/PIC16F887/LCD_RS232.X/LCD.inc 327 : Using default destination of 1 (file).
Message[305] /home/omars/MPLABXProjects/PIC16F887/LCD_RS232.X/LCD.inc 337 : Using default destination of 1 (file).
Message[305] /home/omars/MPLABXProjects/PIC16F887/LCD_RS232.X/LCD.inc 347 : Using default destination of 1 (file).
Message[305] /home/omars/MPLABXProjects/PIC16F887/LCD_RS232.X/LCD.inc 356 : Using default destination of 1 (file).
Message[305] /home/omars/MPLABXProjects/PIC16F887/LCD_RS232.X/LCD.inc 366 : Using default destination of 1 (file).
Message[305] /home/omars/MPLABXProjects/PIC16F887/LCD_RS232.X/LCD.inc 376 : Using default destination of 1 (file).
Message[305] /home/omars/MPLABXProjects/PIC16F887/LCD_RS232.X/LCD.inc 385 : Using default destination of 1 (file).
Message[305] /home/omars/MPLABXProjects/PIC16F887/LCD_RS232.X/LCD.inc 397 : Using default destination of 1 (file).
Warning[205] /home/omars/MPLABXProjects/PIC16F887/LCD_RS232.X/main.asm 105 : Found directive in column 1. (END)
