MPASM 5.82  /HOME/OMARS/MPLABXPROJECTS/PIC16   8-31-2021  13:33:40         PAGE  1


LOC  OBJECT CODE     LINE SOURCE TEXT
  VALUE

Warning[205]: Found directive in column 1. (LIST)
                      00001 LIST P = 16F887
                      00002 #include "p16f887.inc"
                      00001         LIST
                      00002 
                      00003 ;==========================================================================
                      00004 ; Build date : Sep 19 2018
                      00005 ;  MPASM PIC16F887 processor include
                      00006 ; 
                      00007 ;  (c) Copyright 1999-2018 Microchip Technology, All rights reserved
                      00008 ;==========================================================================
                      00009 
                      00810         LIST
                      00003 
                      00004 ; CONFIG1
                      00005 ; __config 0xE0F2
2007   20F2           00006  __CONFIG _CONFIG1, _FOSC_HS & _WDTE_OFF & _PWRTE_OFF & _MCLRE_ON & _CP_OFF & _CPD_OFF & _BOREN_OFF & _I
                            ESO_OFF & _FCMEN_OFF & _LVP_OFF
                      00007 ; CONFIG2
                      00008 ; __config 0xFEFF
2008   3EFF           00009  __CONFIG _CONFIG2, _BOR4V_BOR21V & _WRT_OFF
                      00010 
                      00011  
Warning[205]: Found directive in column 1. (CBLOCK)
                      00012 CBLOCK 0X020
  00000020            00013             recibido
                      00014  ENDC
                      00015         
Warning[205]: Found directive in column 1. (ORG)
                      00016 ORG 0X0000
0000   2???           00017     GOTO INICIO
                      00018     
Warning[205]: Found directive in column 1. (ORG)
                      00019 ORG 0X0005
0005                  00020 INICIO
0005   1683 1703      00021     BANKSEL ANSEL   ;AMBOS DIGITALES
0007   3000           00022     MOVLW   0X00
Message[302]: Register in operand not in bank 0.  Ensure that bank bits are correct.
0008   0088           00023     MOVWF   ANSEL
0009   3000           00024     MOVLW   0X00
Message[302]: Register in operand not in bank 0.  Ensure that bank bits are correct.
000A   0089           00025     MOVWF   ANSELH  ;AMBOS CANALES DIGITALESZ
000B   1683 1303      00026     BANKSEL TRISD
000D   3000           00027     MOVLW   0X00   ;OUTPUT
Message[302]: Register in operand not in bank 0.  Ensure that bank bits are correct.
000E   0088           00028     MOVWF   TRISD
000F   30FF           00029     MOVLW   0XFF   ;INPUT
Message[302]: Register in operand not in bank 0.  Ensure that bank bits are correct.
0010   0087           00030     MOVWF   TRISC
0011   1683 1303      00031     BANKSEL TRISB
0013   30FF           00032     MOVLW   0XFF   ;INPUT
Message[302]: Register in operand not in bank 0.  Ensure that bank bits are correct.
0014   0086           00033     MOVWF   TRISB
MPASM 5.82  /HOME/OMARS/MPLABXPROJECTS/PIC16   8-31-2021  13:33:40         PAGE  2


LOC  OBJECT CODE     LINE SOURCE TEXT
  VALUE

0015   2???           00034     CALL    LCD_Init
0016   3000           00035     MOVLW   0X00
0017   2???           00036     CALL    LCD_GoTo
0018   3052           00037     MOVLW   'R'
0019   2???           00038     CALL    LCD_Char
001A   3053           00039     MOVLW   'S'
001B   2???           00040     CALL    LCD_Char
001C   3032           00041     MOVLW   '2'
001D   2???           00042     CALL    LCD_Char
001E   3033           00043     MOVLW   '3'
001F   2???           00044     CALL    LCD_Char
0020   3032           00045     MOVLW   '2'
0021   2???           00046     CALL    LCD_Char
0022   3040           00047     MOVLW   0X40
0023   2???           00048     CALL   LCD_GoTo
                      00049     
                      00050     ;CONDIGURACION PARA RECEPCION DE DATOS
                      00051     
0024   1683 1303      00052     BANKSEL SPBRG   ;VALOR CALCULADO DEPENDIENDO DE LA VELOCIDAD QUE QUIERO
0026   3013           00053     MOVLW   D'19'
Message[302]: Register in operand not in bank 0.  Ensure that bank bits are correct.
0027   0099           00054     MOVWF   SPBRG
                      00055     
0028   1683 1303      00056     BANKSEL TXSTA
Message[302]: Register in operand not in bank 0.  Ensure that bank bits are correct.
002A   1118           00057     BCF     TXSTA,BRGH ; LOW SPEED 
                      00058     
002B   1683 1703      00059     BANKSEL BAUDCTL
Message[302]: Register in operand not in bank 0.  Ensure that bank bits are correct.
002D   1187           00060     BCF     BAUDCTL, BRG16 ;SELECCION DE VELOCIDAD ADECUADA (8 BITS)
                      00061     
002E   1683 1303      00062     BANKSEL TXSTA
Message[302]: Register in operand not in bank 0.  Ensure that bank bits are correct.
0030   1218           00063     BCF     TXSTA, SYNC ;PUERTO SERIAL ASINCRONO
                      00064 
0031   1283 1303      00065     BANKSEL RCSTA
0033   1798           00066     BSF     RCSTA,SPEN  ;HABILITA PUERTO SERIAL
0034   1618           00067     BSF     RCSTA,CREN  ;HABILITA LA RECEPCION
                      00068     
                      00069     ;;CONFIGURACION PARA LA TRANSMISION DE DATOS
                      00070     
0035   1683 1303      00071     BANKSEL TXSTA
Message[302]: Register in operand not in bank 0.  Ensure that bank bits are correct.
0037   1698           00072     BSF     TXSTA, TXEN ;HABILITO EL ENVIO
                      00073     
                      00074     
0038                  00075 BUCLE:
0038   1283 1303      00076     BANKSEL PIR1   ;REGISTRO CON BITS DE RECEPCION Y TRANSMISION
003A   1E8C           00077     BTFSS   PIR1, RCIF ;ESPERAMOS A QUE ESTE LISTA LA CONVERSION
003B   2???           00078     GOTO    BUCLE
003C   1283 1303      00079     BANKSEL RCREG
003E   081A           00080     MOVF    RCREG, W  ;ALMACENAMOS EL DATO RECIBIDO
003F   00A0           00081     MOVWF   recibido  ;ALMACENAMOS EL DATO EN "recibido"
MPASM 5.82  /HOME/OMARS/MPLABXPROJECTS/PIC16   8-31-2021  13:33:40         PAGE  3


LOC  OBJECT CODE     LINE SOURCE TEXT
  VALUE

0040   0820           00082     MOVF    recibido, W ;muevo de recibido a W
                      00083     
0041   1283 1303      00084     BANKSEL TXREG
0043   0099           00085     MOVWF   TXREG
                      00086     
0044   1283 1303      00087     BANKSEL RCSTA
0046   1618           00088     BSF     RCSTA, CREN
0047   0820           00089     MOVF    recibido, W ;muevo de recibido a W
0048   2???           00090     CALL    LCD_Char  ;llamo a escribir un dato
                      00091     
                      00092     ;BTFSC   PORTB,0
                      00093     ;CALL    LCD_Clear
                      00094     
0049   2???           00095     GOTO    BUCLE
                      00096     
                      00097     
                      00098     INCLUDE <LCD.inc>
                      00001 ;Ubicación de los pines de EN y RS en Miuva 16
                      00002 #define LCD_EN   PORTD,4
                      00003 #define LCD_RS   PORTD,5
                      00004 
Warning[205]: Found directive in column 1. (CBLOCK)
                      00005 CBLOCK  0x020
  00000020            00006         Count167us
  00000021            00007         Count15ms
  00000022            00008         Count1ms
  00000023            00009         Count100ms
  00000024            00010         Count100us
  00000025            00011         Count4_1ms
  00000026            00012         Count334us
  00000027            00013         Count668us
  00000028            00014         NIBBLE
  00000029            00015         Ret1  
  0000002A            00016         Ret2
Warning[205]: Found directive in column 1. (ENDC)
                      00017 ENDC
                      00018  
                      00019     
                      00020 ;*****************************************************************************;
                      00021 ;Ejemplo de envío de instrucción                                              ;
                      00022 ;                                                                             ;
                      00023 ;   RS      _________________________   1: DATOS | 0: INSTRUCCIONES           ;
                      00024 ;                                                                             ;   
                      00025 ;   RW      _________________________   1: LECTURA  |   0: ESCRITURA          ;
                      00026 ;                 ___      ___                                                ;
                      00027 ;   EN      _____/   \____/   \______   LEE EN FLANCOS DE BAJADA              ;
                      00028 ;                                                                             ;
                      00029 ;           _________________________                                         ;
                      00030 ;   D7:D4   ___/_4 MSB_\/_4_LSB_\____   PARA ENVIAR LOS 8 BITS DE INSTRUCCION ;
                      00031 ;                                       PRIMERO SE ENVIAN LOS 4 MÁS           ;
                      00032 ;                                       SIGNIFICATIVOS Y POSTERIORMENTE LOS   ;
                      00033 ;                                       4 MENOS SIGNIFICATIVOS                ;
                      00034 ;                                                                             ;
MPASM 5.82  /HOME/OMARS/MPLABXPROJECTS/PIC16   8-31-2021  13:33:40         PAGE  4


LOC  OBJECT CODE     LINE SOURCE TEXT
  VALUE

                      00035 ;*****************************************************************************;
                      00036 ;Se carga D7:D4 de la LCD en los bits D3:D0 de Miuva    
                      00037 
                      00038 ;*****************************************************************************;
                      00039 ;                                   LCD_Init                                  ;
                      00040 ;   Inicializa la LCD, esta función se debe ejecutar antes de cualquier otra  ;
                      00041 ;   que involucre el uso de la LCD.                                           ;
                      00042 ;                                                                             ;
                      00043 ;   Ejemplo de uso:                                                           ;
                      00044 ;       call    LCD_Init                                                      ;
                      00045 ;                                                                             ;
                      00046 ;*****************************************************************************;
                      00047 
004A                  00048 LCD_Init    
004A   1283 1303      00049     BANKSEL PORTD
004C   1208           00050     BCF     LCD_EN              ;Enable = LOW
004D   2???           00051     CALL    Delay15ms           
004E   1283 1303      00052     BANKSEL PORTD
0050   1288           00053     BCF     LCD_RS              ;RS = LOW
                      00054     
                      00055     ;Inicia secuencia de inicialización
                      00056     ;Function set
0051   1283 1303      00057     BANKSEL PORTD
0053   3003           00058     MOVLW   b'00000011' ;Carga el valor del puerto D
0054   0088           00059     MOVWF   PORTD       ;Manda el valor al puerto
0055   1608           00060     BSF     LCD_EN      ;Activa el bit de ENABLE
0056   2???           00061     CALL    Delay100us
0057   1208           00062     BCF     LCD_EN
0058   2???           00063     CALL    Delay4_1ms
                      00064         
                      00065     ;Function set
0059   1283 1303      00066     BANKSEL PORTD
005B   3003           00067     MOVLW   b'00000011'
005C   1608           00068     BSF     LCD_EN
005D   2???           00069     CALL    Delay100us
005E   1208           00070     BCF     LCD_EN      ;Lee Function set
005F   2???           00071     CALL    Delay100us
                      00072         
                      00073     ;Function set
0060   1283 1303      00074     BANKSEL PORTD
0062   3003           00075     MOVLW   b'00000011'
0063   0088           00076     MOVWF   PORTD
0064   1608           00077     BSF     LCD_EN
0065   2???           00078     CALL    Delay100us
0066   1208           00079     BCF     LCD_EN      ;Lee Function set
0067   2???           00080     CALL    Delay4_1ms
                      00081     
                      00082     ;Function set
0068   1283 1303      00083     BANKSEL PORTD
006A   3002           00084     MOVLW   b'00000010'
006B   0088           00085     MOVWF   PORTD
006C   1608           00086     BSF     LCD_EN
006D   2???           00087     CALL    Delay100us
MPASM 5.82  /HOME/OMARS/MPLABXPROJECTS/PIC16   8-31-2021  13:33:40         PAGE  5


LOC  OBJECT CODE     LINE SOURCE TEXT
  VALUE

006E   1208           00088     BCF     LCD_EN      ;Lee Function set
006F   2???           00089     CALL    Delay4_1ms
                      00090         
                      00091     ;Function set
0070   1283 1303      00092     BANKSEL PORTD
0072   3002           00093     movlw   b'00000010' ;MSB Función set
0073   0088           00094     movwf   PORTD
0074   1608           00095     bsf     LCD_EN
0075   2???           00096     CALL    Delay100us
0076   1208           00097     bcf     LCD_EN      
0077   2???           00098     CALL    Delay4_1ms
0078   300E           00099     movlw   b'00001110' ;LSB Función set
0079   0088           00100     movwf   PORTD
007A   1608           00101     bsf     LCD_EN
007B   2???           00102     CALL    Delay100us
007C   1208           00103     bcf     LCD_EN      
007D   2???           00104     CALL    Delay4_1ms
                      00105         
                      00106     ;Display off
007E   1283 1303      00107     BANKSEL PORTD
0080   3000           00108     movlw   b'00000000' ;MSB Funcion display
0081   0088           00109     movwf   PORTD
0082   1608           00110     bsf     LCD_EN
0083   2???           00111     CALL    Delay100us
0084   1208           00112     bcf     LCD_EN      
0085   2???           00113     CALL    Delay4_1ms
0086   3008           00114     movlw   b'00001000' ;LSB Funcion display
0087   0088           00115     movwf   PORTD
0088   1608           00116     bsf     LCD_EN
0089   2???           00117     CALL    Delay100us
008A   1208           00118     bcf     LCD_EN      
008B   2???           00119     CALL    Delay4_1ms
                      00120         
                      00121     ;Display clear
008C   1283 1303      00122     BANKSEL PORTD
008E   3000           00123     movlw   b'00000000' ;MSB Funcion clear
008F   0088           00124     movwf   PORTD
0090   1608           00125     bsf     LCD_EN
0091   2???           00126     CALL    Delay100us
0092   1208           00127     bcf     LCD_EN      
0093   2???           00128     call    Delay4_1ms
0094   3001           00129     movlw   b'00000001' ;LSB Funcion clear
0095   0088           00130     movwf   PORTD
0096   1608           00131     bsf     LCD_EN
0097   2???           00132     CALL    Delay100us
0098   1208           00133     bcf     LCD_EN      
0099   2???           00134     call    Delay4_1ms
                      00135 
                      00136     ;Entry mode set
009A   1283 1303      00137     BANKSEL PORTD
009C   3000           00138     movlw   b'00000000' ;MSB Funcion mode set
009D   0088           00139     movwf   PORTD
009E   1608           00140     bsf     LCD_EN
MPASM 5.82  /HOME/OMARS/MPLABXPROJECTS/PIC16   8-31-2021  13:33:40         PAGE  6


LOC  OBJECT CODE     LINE SOURCE TEXT
  VALUE

009F   2???           00141     call    Delay100us
00A0   1208           00142     bcf     LCD_EN      
00A1   2???           00143     call    Delay4_1ms
00A2   3006           00144     movlw   b'00000110' ;LSB Funcion mode set
00A3   0088           00145     movwf   PORTD
00A4   1608           00146     bsf     LCD_EN
00A5   2???           00147     call    Delay100us
00A6   1208           00148     bcf     LCD_EN      
00A7   2???           00149     call    Delay4_1ms
                      00150         
                      00151     ;DDRAM ACCES
00A8   1283 1303      00152     BANKSEL PORTD
00AA   3008           00153     movlw   b'00001000' ;MSB DDRAM Access
00AB   0088           00154     movwf   PORTD
00AC   1608           00155     bsf     LCD_EN
00AD   2???           00156     call    Delay100us
00AE   1208           00157     bcf     LCD_EN      
00AF   2???           00158     call    Delay4_1ms
00B0   3000           00159     movlw   b'00000000' ;LSB DDRAM Access
00B1   0088           00160     movwf   PORTD
00B2   1608           00161     bsf     LCD_EN
00B3   2???           00162     call    Delay100us
00B4   1208           00163     bcf     LCD_EN      
00B5   2???           00164     call    Delay4_1ms
                      00165         
                      00166     ;Display on
00B6   1283 1303      00167     BANKSEL PORTD
00B8   3000           00168     movlw   b'00000000' ;MSB Display ON
00B9   0088           00169     movwf   PORTD
00BA   1608           00170     bsf     LCD_EN
00BB   2???           00171     call    Delay100us
00BC   1208           00172     bcf     LCD_EN      
00BD   2???           00173     call    Delay4_1ms
00BE   300C           00174     movlw   b'00001100' ;LSB Display ON
00BF   0088           00175     movwf   PORTD
00C0   1608           00176     bsf     LCD_EN
00C1   2???           00177     call    Delay100us
00C2   1208           00178     bcf     LCD_EN      
00C3   2???           00179     call    Delay4_1ms
                      00180         
00C4   0008           00181     return
                      00182     
                      00183 ;*****************************************************************************;
                      00184 ;   Ejemplo de envío del caracter H
                      00185 ;   Ubicación del caracter H: 0100 1000
                      00186 ;   Se tiene que enviar primero 0100 y posteriormente 1000
                      00187 ;   1. NIBBLE almacena el valor 0100 1000
                      00188 ;   2. Intercambia los nibbles y los almacena en W -> W = 0100 
                      00189 ;   3. Realiza una AND con 0x0F para tener solamente 4 bits
                      00190 ;       W = 0000 0100
                      00191 ;   4. Le suma 00100000 para habilitar RS como datos -> W = 0010 0100
                      00192 ;   5. Se envía a la LCD (PUERTO D)
                      00193 ;   6. Mueve al registro de trabajo la variable NIBBLE -> W = 0100 1000
MPASM 5.82  /HOME/OMARS/MPLABXPROJECTS/PIC16   8-31-2021  13:33:40         PAGE  7


LOC  OBJECT CODE     LINE SOURCE TEXT
  VALUE

                      00194 ;   7. Realiza una AND con 0x0F para tener solamente 4 bits
                      00195 ;       W = 0000 1000
                      00196 ;   8. Le suma 00100000 para habilitar RS como datos -> W = 0010 1000
                      00197 ;   9. Se envía a la LCD (PUERTO D)
                      00198 ;******************************************************************************;
                      00199     
                      00200 ;*****************************************************************************;
                      00201 ;                                   LCD_Char                                  ;
                      00202 ;   Imprime cualquier caracter en la posición actual de la LCD.               ;
                      00203 ;                                                                             ;
                      00204 ;   Ejemplo de uso:                                                           ;
                      00205 ;       movlw   'H'             ;Caracter a escribir                          ;
                      00206 ;       call    LCD_Char                                                      ;
                      00207 ;                                                                             ;
                      00208 ;*****************************************************************************;
00C5                  00209 LCD_Char
00C5   1283 1303      00210     BANKSEL PORTD
00C7   1688           00211     bsf     LCD_RS      ;Se enviará un dato
00C8   00A8           00212     movwf   NIBBLE      ;Almacenamos el valor en la variable NIBBLE
00C9   0E28           00213     swapf   NIBBLE,w    ;Intercambia los NIBBLE
00CA   390F           00214     andlw   0x0F        ;AND con 0x0F
00CB   3E20           00215     addlw   b'00100000' ;Suma 00100000
00CC   0088           00216     movwf   PORTD       ;Se envía al puerto D
00CD   1608           00217     bsf     LCD_EN      ;ENABLE = HIGH
00CE   2???           00218     call    Delay100us
00CF   1208           00219     bcf     LCD_EN      ;ENABLE = LOW
00D0   2???           00220     call    Delay4_1ms
00D1   0828           00221     movf    NIBBLE,w    ;Mueve la variable NIBBLE a W
00D2   390F           00222     andlw   0x0F        ;AND con 0x0F
00D3   3E20           00223     addlw   b'00100000' ;Suma 00100000
00D4   0088           00224     movwf   PORTD       ;Se envía al puerto D
00D5   1608           00225     bsf     LCD_EN      ;ENABLE = HIGH
00D6   2???           00226     call    Delay100us
00D7   1208           00227     bcf     LCD_EN      ;ENABLE = LOW
00D8   2???           00228     call    Delay4_1ms
00D9   0008           00229     return      
                      00230     
                      00231 ;*****************************************************************************;
                      00232 ;                                   LCD_Clear                                 ;
                      00233 ;   Limpia todo lo que está escrito en la LCD y posteriormente regresa el     ;
                      00234 ;   cursor a Home.
                      00235 ;                                                                             ;
                      00236 ;   Ejemplo de uso:                                                           ;
                      00237 ;       call    LCD_Clear                                                     ;
                      00238 ;                                                                             ;
                      00239 ;*****************************************************************************;
00DA                  00240 LCD_Clear
00DA   1283 1303      00241     BANKSEL     PORTD
00DC   1288           00242     bcf         LCD_RS
00DD   3000           00243     movlw       b'00000000'
00DE   0088           00244     movwf       PORTD
00DF   1608           00245     bsf         LCD_EN
00E0   2???           00246     call        Delay100us
MPASM 5.82  /HOME/OMARS/MPLABXPROJECTS/PIC16   8-31-2021  13:33:40         PAGE  8


LOC  OBJECT CODE     LINE SOURCE TEXT
  VALUE

00E1   1208           00247     bcf         LCD_EN  
00E2   2???           00248     call        Delay4_1ms
00E3   3001           00249     movlw       b'00000001'
00E4   0088           00250     movwf       PORTD
00E5   1608           00251     bsf         LCD_EN
00E6   2???           00252     call        Delay100us
00E7   1208           00253     bcf         LCD_EN  
00E8   2???           00254     call        Delay4_1ms
00E9   0008           00255     return
                      00256     
                      00257 ;*****************************************************************************;
                      00258 ;                                   LCD_Home                                  ;
                      00259 ;   Envia el cursor a la posición inicial de la LCD                           ;
                      00260 ;                                                                             ;
                      00261 ;   Ejemplo de uso:                                                           ;
                      00262 ;       call    LCD_Home                                                      ;
                      00263 ;                                                                             ;
                      00264 ;*****************************************************************************;
00EA                  00265 LCD_Home
00EA   1283 1303      00266     BANKSEL     PORTD
00EC   1288           00267     bcf         LCD_RS
00ED   3000           00268     movlw       b'00000000'
00EE   0088           00269     movwf       PORTD
00EF   1608           00270     bsf         LCD_EN
00F0   2???           00271     call        Delay100us
00F1   1208           00272     bcf         LCD_EN  ;Lee Function set
00F2   2???           00273     call        Delay4_1ms
00F3   3002           00274     movlw       b'00000010'
00F4   0088           00275     movwf       PORTD
00F5   1608           00276     bsf         LCD_EN
00F6   2???           00277     call        Delay100us
00F7   1208           00278     bcf         LCD_EN  ;Lee Function set
00F8   2???           00279     call        Delay4_1ms
00F9   0008           00280     return
                      00281    
                      00282 ;*****************************************************************************;
                      00283 ;                                   LCD_GoTo                                  ;
                      00284 ;   Inicializa la LCD, esta función se debe ejecutar antes de cualquier otra  ;
                      00285 ;   que involucre el uso de la LCD.                                           ;
                      00286 ;                                                                             ;
                      00287 ;   Ejemplo de uso:                                                           ;
                      00288 ;       movlw   0x03        ;Posición de la LCD                               ;
                      00289 ;       call    LCD_GoTo                                                      ;
                      00290 ;                                                                             ;
                      00291 ;*****************************************************************************;
                      00292 ;                       POSICIONES DE LA LCD 2X16                             ;
                      00293 ;                                                                             ;
                      00294 ;          00 01 02 03 04 05 06 07 08 09 0A 0B 0C 0D 0E 0F                    ;
                      00295 ;          40 41 42 43 44 45 46 47 48 49 4A 4B 4C 4D 4E 4F                    ;
                      00296 ;                                                                             ;
                      00297 ;*****************************************************************************;
00FA                  00298 LCD_GoTo
00FA   1283 1303      00299     BANKSEL PORTD
MPASM 5.82  /HOME/OMARS/MPLABXPROJECTS/PIC16   8-31-2021  13:33:40         PAGE  9


LOC  OBJECT CODE     LINE SOURCE TEXT
  VALUE

00FC   1288           00300     bcf     LCD_RS
00FD   00A8           00301     movwf   NIBBLE
00FE   0E28           00302     swapf   NIBBLE,w
00FF   390F           00303     andlw   0x0F
0100   3E08           00304     addlw   b'00001000'  ;FUNCION DDRAM
0101   0088           00305     movwf   PORTD
0102   1608           00306     bsf     LCD_EN
0103   2???           00307     call    Delay100us
0104   1208           00308     bcf     LCD_EN      ;Lee Function set
0105   2???           00309     call    Delay4_1ms
0106   0828           00310     movf    NIBBLE,w
0107   390F           00311     andlw   0x0F
0108   0088           00312     movwf   PORTD
0109   1608           00313     bsf     LCD_EN
010A   2???           00314     call    Delay100us
010B   1208           00315     bcf     LCD_EN      ;Lee Function set
010C   2???           00316     call    Delay4_1ms
010D   0008           00317     return
                      00318 
                      00319 ;*****************************************************************************;
                      00320 ;                       Funciones de retardos                                 ;
                      00321 ;*****************************************************************************;
010E                  00322 Delay167us:
010E   1283 1303      00323         banksel Count167us
0110   30A7           00324         movlw   D'167'
0111   00A0           00325         movwf   Count167us
0112                  00326 D167us:
Message[305]: Using default destination of 1 (file).
0112   0BA0           00327         decfsz  Count167us
0113   2???           00328         goto    D167us
0114   0008           00329         return
                      00330         
0115                  00331 Delay334us:
0115   1283 1303      00332         banksel Count334us
0117   3002           00333         movlw   D'2'
0118   00A6           00334         movwf   Count334us
0119                  00335 D334us:
0119   2???           00336         call    Delay167us
Message[305]: Using default destination of 1 (file).
011A   0BA6           00337         decfsz  Count334us
011B   2???           00338         goto    D334us
011C   0008           00339         return
                      00340 
011D                  00341 Delay4_1ms:
011D   1283 1303      00342         banksel Count4_1ms
011F   300D           00343         movlw   D'13'
0120   00A5           00344         movwf   Count4_1ms
0121                  00345 D4_1ms:
0121   2???           00346         call    Delay334us
Message[305]: Using default destination of 1 (file).
0122   0BA5           00347         decfsz  Count4_1ms
0123   2???           00348         goto    D4_1ms
0124   0008           00349         return
MPASM 5.82  /HOME/OMARS/MPLABXPROJECTS/PIC16   8-31-2021  13:33:40         PAGE 10


LOC  OBJECT CODE     LINE SOURCE TEXT
  VALUE

                      00350 
0125                  00351 Delay100us:
0125   1283 1303      00352         banksel Count100us
0127   3064           00353         movlw   D'100'
0128   00A4           00354         movwf   Count100us
0129                  00355 D100us:
Message[305]: Using default destination of 1 (file).
0129   0BA4           00356         decfsz  Count100us
012A   2???           00357         goto    D100us
012B   0008           00358         return
                      00359 
012C                  00360 Delay1ms:
012C   1283 1303      00361         banksel Count1ms
012E   3003           00362         movlw   D'3'
012F   00A2           00363         movwf   Count1ms
0130                  00364 D1ms:
0130   2???           00365         call    Delay334us
Message[305]: Using default destination of 1 (file).
0131   0BA2           00366         decfsz  Count1ms
0132   2???           00367         goto    D1ms
0133   0008           00368         return
                      00369 
0134                  00370 Delay15ms:
0134   1283 1303      00371         banksel Count15ms
0136   300F           00372         movlw   D'15'
0137   00A1           00373         movwf   Count15ms
0138                  00374 D15ms:
0138   2???           00375         call    Delay1ms
Message[305]: Using default destination of 1 (file).
0139   0BA1           00376         decfsz  Count15ms
013A   2???           00377         goto    D15ms
013B   0008           00378         return
                      00379         
013C                  00380 Delay668us:
013C   1283 1303      00381         banksel Count668us
013E   3002           00382         movlw   D'2'
013F   00A7           00383         movwf   Count668us
0140                  00384 D668us:
Message[305]: Using default destination of 1 (file).
0140   0BA7           00385         decfsz  Count668us
0141   2???           00386         goto    D334us
0142   0008           00387         return
                      00388         
                      00389 
                      00390         
0143                  00391 Delay100ms:
0143   1283 1303      00392         banksel Count100ms
0145   3064           00393         movlw   D'100'
0146   00A3           00394         movwf   Count100ms
0147                  00395 D100ms:
0147   2???           00396         call    Delay1ms
Message[305]: Using default destination of 1 (file).
0148   0BA3           00397         decfsz  Count100ms
MPASM 5.82  /HOME/OMARS/MPLABXPROJECTS/PIC16   8-31-2021  13:33:40         PAGE 11


LOC  OBJECT CODE     LINE SOURCE TEXT
  VALUE

0149   2???           00398         goto    D100ms
014A   0008           00399         return
                      00400     
                      00401 
                      00402     
                      00403     
                      00404    ; END
                      00405 
                      00406 
                      00407 
                      00099         
                      00100         
                      00101 
                      00102 ;;;;;;;;;;;;;;;;;;;;;;;    
                      00103    
                      00104         
Warning[205]: Found directive in column 1. (END)
20F2 3EFF             00105 END
MPASM 5.82  /HOME/OMARS/MPLABXPROJECTS/PIC16   8-31-2021  13:33:40         PAGE 12


SYMBOL TABLE
  LABEL                             VALUE 

ABDEN                             00000000
ABDOVF                            00000007
ACKDT                             00000005
ACKEN                             00000004
ACKSTAT                           00000006
ADCON0                            0000001F
ADCON1                            0000009F
ADCS0                             00000006
ADCS1                             00000007
ADDEN                             00000003
ADFM                              00000007
ADIE                              00000006
ADIF                              00000006
ADON                              00000000
ADRESH                            0000001E
ADRESL                            0000009E
ANS0                              00000000
ANS1                              00000001
ANS10                             00000002
ANS11                             00000003
ANS12                             00000004
ANS13                             00000005
ANS2                              00000002
ANS3                              00000003
ANS4                              00000004
ANS5                              00000005
ANS6                              00000006
ANS7                              00000007
ANS8                              00000000
ANS9                              00000001
ANSEL                             00000188
ANSELH                            00000189
BAUDCTL                           00000187
BCLIE                             00000003
BCLIF                             00000003
BF                                00000000
BRG0                              00000000
BRG1                              00000001
BRG10                             00000002
BRG11                             00000003
BRG12                             00000004
BRG13                             00000005
BRG14                             00000006
BRG15                             00000007
BRG16                             00000003
BRG2                              00000002
BRG3                              00000003
BRG4                              00000004
BRG5                              00000005
BRG6                              00000006
BRG7                              00000007
BRG8                              00000000
BRG9                              00000001
MPASM 5.82  /HOME/OMARS/MPLABXPROJECTS/PIC16   8-31-2021  13:33:40         PAGE 13


SYMBOL TABLE
  LABEL                             VALUE 

BRGH                              00000002
BUCLE                             00000038
C                                 00000000
C1CH0                             00000000
C1CH1                             00000001
C1IE                              00000005
C1IF                              00000005
C1OE                              00000005
C1ON                              00000007
C1OUT                             00000006
C1POL                             00000004
C1R                               00000002
C1RSEL                            00000005
C1SEN                             00000005
C2CH0                             00000000
C2CH1                             00000001
C2IE                              00000006
C2IF                              00000006
C2OE                              00000005
C2ON                              00000007
C2OUT                             00000006
C2POL                             00000004
C2R                               00000002
C2REN                             00000004
C2RSEL                            00000004
C2SYNC                            00000000
CCP1CON                           00000017
CCP1IE                            00000002
CCP1IF                            00000002
CCP1M0                            00000000
CCP1M1                            00000001
CCP1M2                            00000002
CCP1M3                            00000003
CCP1X                             00000005
CCP1Y                             00000004
CCP2CON                           0000001D
CCP2IE                            00000000
CCP2IF                            00000000
CCP2M0                            00000000
CCP2M1                            00000001
CCP2M2                            00000002
CCP2M3                            00000003
CCP2X                             00000005
CCP2Y                             00000004
CCPR1                             00000015
CCPR1H                            00000016
CCPR1L                            00000015
CCPR2                             0000001B
CCPR2H                            0000001C
CCPR2L                            0000001B
CHS0                              00000002
CHS1                              00000003
CHS2                              00000004
MPASM 5.82  /HOME/OMARS/MPLABXPROJECTS/PIC16   8-31-2021  13:33:40         PAGE 14


SYMBOL TABLE
  LABEL                             VALUE 

CHS3                              00000005
CKE                               00000006
CKP                               00000004
CM1CON0                           00000107
CM2CON0                           00000108
CM2CON1                           00000109
CREN                              00000004
CSRC                              00000007
Count100ms                        00000023
Count100us                        00000024
Count15ms                         00000021
Count167us                        00000020
Count1ms                          00000022
Count334us                        00000026
Count4_1ms                        00000025
Count668us                        00000027
D                                 00000005
D100ms                            00000147
D100us                            00000129
D15ms                             00000138
D167us                            00000112
D1ms                              00000130
D334us                            00000119
D4_1ms                            00000121
D668us                            00000140
DATA_ADDRESS                      00000005
DC                                00000001
DC1B0                             00000004
DC1B1                             00000005
DC2B0                             00000004
DC2B1                             00000005
D_A                               00000005
D_NOT_A                           00000005
Delay100ms                        00000143
Delay100us                        00000125
Delay15ms                         00000134
Delay167us                        0000010E
Delay1ms                          0000012C
Delay334us                        00000115
Delay4_1ms                        0000011D
Delay668us                        0000013C
ECCPAS                            0000009C
ECCPAS0                           00000004
ECCPAS1                           00000005
ECCPAS2                           00000006
ECCPASE                           00000007
EEADR                             0000010D
EEADRH                            0000010F
EECON1                            0000018C
EECON2                            0000018D
EEDAT                             0000010C
EEDATA                            0000010C
EEDATH                            0000010E
MPASM 5.82  /HOME/OMARS/MPLABXPROJECTS/PIC16   8-31-2021  13:33:40         PAGE 15


SYMBOL TABLE
  LABEL                             VALUE 

EEIE                              00000004
EEIF                              00000004
EEPGD                             00000007
F                                 00000001
FERR                              00000002
FSR                               00000004
FVREN                             00000000
GCEN                              00000007
GIE                               00000007
GO                                00000001
GO_DONE                           00000001
GO_NOT_DONE                       00000001
HTS                               00000002
I2C_DATA                          00000005
I2C_READ                          00000002
I2C_START                         00000003
I2C_STOP                          00000004
INDF                              00000000
INICIO                            00000005
INTCON                            0000000B
INTE                              00000004
INTEDG                            00000006
INTF                              00000001
IOCB                              00000096
IOCB0                             00000000
IOCB1                             00000001
IOCB2                             00000002
IOCB3                             00000003
IOCB4                             00000004
IOCB5                             00000005
IOCB6                             00000006
IOCB7                             00000007
IRCF0                             00000004
IRCF1                             00000005
IRCF2                             00000006
IRP                               00000007
LCD_Char                          000000C5
LCD_Clear                         000000DA
LCD_EN                            PORTD,4
LCD_GoTo                          000000FA
LCD_Home                          000000EA
LCD_Init                          0000004A
LCD_RS                            PORTD,5
LTS                               00000001
MC1OUT                            00000007
MC2OUT                            00000006
MSK                               00000093
MSK0                              00000000
MSK1                              00000001
MSK2                              00000002
MSK3                              00000003
MSK4                              00000004
MSK5                              00000005
MPASM 5.82  /HOME/OMARS/MPLABXPROJECTS/PIC16   8-31-2021  13:33:40         PAGE 16


SYMBOL TABLE
  LABEL                             VALUE 

MSK6                              00000006
MSK7                              00000007
NIBBLE                            00000028
NOT_A                             00000005
NOT_ADDRESS                       00000005
NOT_BO                            00000000
NOT_BOR                           00000000
NOT_DONE                          00000001
NOT_PD                            00000003
NOT_POR                           00000001
NOT_RBPU                          00000007
NOT_RC8                           00000006
NOT_T1SYNC                        00000002
NOT_TO                            00000004
NOT_TX8                           00000006
NOT_W                             00000002
NOT_WRITE                         00000002
OERR                              00000001
OPTION_REG                        00000081
OSCCON                            0000008F
OSCTUNE                           00000090
OSFIE                             00000007
OSFIF                             00000007
OSTS                              00000003
P                                 00000004
P1M0                              00000006
P1M1                              00000007
PCL                               00000002
PCLATH                            0000000A
PCON                              0000008E
PDC0                              00000000
PDC1                              00000001
PDC2                              00000002
PDC3                              00000003
PDC4                              00000004
PDC5                              00000005
PDC6                              00000006
PEIE                              00000006
PEN                               00000002
PIE1                              0000008C
PIE2                              0000008D
PIR1                              0000000C
PIR2                              0000000D
PORTA                             00000005
PORTB                             00000006
PORTC                             00000007
PORTD                             00000008
PORTE                             00000009
PR2                               00000092
PRSEN                             00000007
PS0                               00000000
PS1                               00000001
PS2                               00000002
MPASM 5.82  /HOME/OMARS/MPLABXPROJECTS/PIC16   8-31-2021  13:33:40         PAGE 17


SYMBOL TABLE
  LABEL                             VALUE 

PSA                               00000003
PSSAC0                            00000002
PSSAC1                            00000003
PSSBD0                            00000000
PSSBD1                            00000001
PSTRCON                           0000009D
PULSR                             00000002
PULSS                             00000003
PWM1CON                           0000009B
R                                 00000002
RA0                               00000000
RA1                               00000001
RA2                               00000002
RA3                               00000003
RA4                               00000004
RA5                               00000005
RA6                               00000006
RA7                               00000007
RB0                               00000000
RB1                               00000001
RB2                               00000002
RB3                               00000003
RB4                               00000004
RB5                               00000005
RB6                               00000006
RB7                               00000007
RBIE                              00000003
RBIF                              00000000
RC0                               00000000
RC1                               00000001
RC2                               00000002
RC3                               00000003
RC4                               00000004
RC5                               00000005
RC6                               00000006
RC7                               00000007
RC8_9                             00000006
RC9                               00000006
RCD8                              00000000
RCEN                              00000003
RCIDL                             00000006
RCIE                              00000005
RCIF                              00000005
RCREG                             0000001A
RCSTA                             00000018
RD                                00000000
RD0                               00000000
RD1                               00000001
RD2                               00000002
RD3                               00000003
RD4                               00000004
RD5                               00000005
RD6                               00000006
MPASM 5.82  /HOME/OMARS/MPLABXPROJECTS/PIC16   8-31-2021  13:33:40         PAGE 18


SYMBOL TABLE
  LABEL                             VALUE 

RD7                               00000007
RE0                               00000000
RE1                               00000001
RE2                               00000002
RE3                               00000003
READ_WRITE                        00000002
RP0                               00000005
RP1                               00000006
RSEN                              00000001
RX9                               00000006
RX9D                              00000000
R_NOT_W                           00000002
R_W                               00000002
Ret1                              00000029
Ret2                              0000002A
S                                 00000003
SBOREN                            00000004
SCKP                              00000004
SCS                               00000000
SEN                               00000000
SENDB                             00000003
SMP                               00000007
SPBRG                             00000099
SPBRGH                            0000009A
SPEN                              00000007
SR0                               00000006
SR1                               00000007
SRCON                             00000185
SREN                              00000005
SSPADD                            00000093
SSPBUF                            00000013
SSPCON                            00000014
SSPCON2                           00000091
SSPEN                             00000005
SSPIE                             00000003
SSPIF                             00000003
SSPM0                             00000000
SSPM1                             00000001
SSPM2                             00000002
SSPM3                             00000003
SSPMSK                            00000093
SSPOV                             00000006
SSPSTAT                           00000094
STATUS                            00000003
STRA                              00000000
STRB                              00000001
STRC                              00000002
STRD                              00000003
STRSYNC                           00000004
SWDTEN                            00000000
SYNC                              00000004
T0CS                              00000005
T0IE                              00000005
MPASM 5.82  /HOME/OMARS/MPLABXPROJECTS/PIC16   8-31-2021  13:33:40         PAGE 19


SYMBOL TABLE
  LABEL                             VALUE 

T0IF                              00000002
T0SE                              00000004
T1CKPS0                           00000004
T1CKPS1                           00000005
T1CON                             00000010
T1GINV                            00000007
T1GIV                             00000007
T1GSS                             00000001
T1INSYNC                          00000002
T1OSCEN                           00000003
T1SYNC                            00000002
T2CKPS0                           00000000
T2CKPS1                           00000001
T2CON                             00000012
TMR0                              00000001
TMR0IE                            00000005
TMR0IF                            00000002
TMR1                              0000000E
TMR1CS                            00000001
TMR1GE                            00000006
TMR1H                             0000000F
TMR1IE                            00000000
TMR1IF                            00000000
TMR1L                             0000000E
TMR1ON                            00000000
TMR2                              00000011
TMR2IE                            00000001
TMR2IF                            00000001
TMR2ON                            00000002
TOUTPS0                           00000003
TOUTPS1                           00000004
TOUTPS2                           00000005
TOUTPS3                           00000006
TRISA                             00000085
TRISA0                            00000000
TRISA1                            00000001
TRISA2                            00000002
TRISA3                            00000003
TRISA4                            00000004
TRISA5                            00000005
TRISA6                            00000006
TRISA7                            00000007
TRISB                             00000086
TRISB0                            00000000
TRISB1                            00000001
TRISB2                            00000002
TRISB3                            00000003
TRISB4                            00000004
TRISB5                            00000005
TRISB6                            00000006
TRISB7                            00000007
TRISC                             00000087
TRISC0                            00000000
MPASM 5.82  /HOME/OMARS/MPLABXPROJECTS/PIC16   8-31-2021  13:33:40         PAGE 20


SYMBOL TABLE
  LABEL                             VALUE 

TRISC1                            00000001
TRISC2                            00000002
TRISC3                            00000003
TRISC4                            00000004
TRISC5                            00000005
TRISC6                            00000006
TRISC7                            00000007
TRISD                             00000088
TRISD0                            00000000
TRISD1                            00000001
TRISD2                            00000002
TRISD3                            00000003
TRISD4                            00000004
TRISD5                            00000005
TRISD6                            00000006
TRISD7                            00000007
TRISE                             00000089
TRISE0                            00000000
TRISE1                            00000001
TRISE2                            00000002
TRISE3                            00000003
TRMT                              00000001
TUN0                              00000000
TUN1                              00000001
TUN2                              00000002
TUN3                              00000003
TUN4                              00000004
TX8_9                             00000006
TX9                               00000006
TX9D                              00000000
TXD8                              00000000
TXEN                              00000005
TXIE                              00000004
TXIF                              00000004
TXREG                             00000019
TXSTA                             00000098
UA                                00000001
ULPWUE                            00000005
ULPWUIE                           00000002
ULPWUIF                           00000002
VCFG0                             00000004
VCFG1                             00000005
VR0                               00000000
VR1                               00000001
VR2                               00000002
VR3                               00000003
VRCON                             00000097
VREN                              00000007
VROE                              00000006
VRR                               00000005
VRSS                              00000004
W                                 00000000
WCOL                              00000007
MPASM 5.82  /HOME/OMARS/MPLABXPROJECTS/PIC16   8-31-2021  13:33:40         PAGE 21


SYMBOL TABLE
  LABEL                             VALUE 

WDTCON                            00000105
WDTPS0                            00000001
WDTPS1                            00000002
WDTPS2                            00000003
WDTPS3                            00000004
WPUB                              00000095
WPUB0                             00000000
WPUB1                             00000001
WPUB2                             00000002
WPUB3                             00000003
WPUB4                             00000004
WPUB5                             00000005
WPUB6                             00000006
WPUB7                             00000007
WR                                00000001
WREN                              00000002
WRERR                             00000003
WUE                               00000001
Z                                 00000002
_BOR21V                           00003EFF
_BOR40V                           00003FFF
_BOR4V_BOR21V                     00003EFF
_BOR4V_BOR40V                     00003FFF
_BOREN_NSLEEP                     00003EFF
_BOREN_OFF                        00003CFF
_BOREN_ON                         00003FFF
_BOREN_SBODEN                     00003DFF
_BOR_NSLEEP                       00003EFF
_BOR_OFF                          00003CFF
_BOR_ON                           00003FFF
_BOR_SBODEN                       00003DFF
_CONFIG1                          00002007
_CONFIG2                          00002008
_CPD_OFF                          00003FFF
_CPD_ON                           00003F7F
_CP_OFF                           00003FFF
_CP_ON                            00003FBF
_DEBUG_OFF                        00003FFF
_DEBUG_ON                         00001FFF
_DEVID1                           00002006
_EC_OSC                           00003FFB
_EXTRC                            00003FFF
_EXTRCIO                          00003FFE
_EXTRC_OSC_CLKOUT                 00003FFF
_EXTRC_OSC_NOCLKOUT               00003FFE
_FCMEN_OFF                        000037FF
_FCMEN_ON                         00003FFF
_FOSC_EC                          00003FFB
_FOSC_EXTRC_CLKOUT                00003FFF
_FOSC_EXTRC_NOCLKOUT              00003FFE
_FOSC_HS                          00003FFA
_FOSC_INTRC_CLKOUT                00003FFD
_FOSC_INTRC_NOCLKOUT              00003FFC
MPASM 5.82  /HOME/OMARS/MPLABXPROJECTS/PIC16   8-31-2021  13:33:40         PAGE 22


SYMBOL TABLE
  LABEL                             VALUE 

_FOSC_LP                          00003FF8
_FOSC_XT                          00003FF9
_HS_OSC                           00003FFA
_IDLOC0                           00002000
_IDLOC1                           00002001
_IDLOC2                           00002002
_IDLOC3                           00002003
_IESO_OFF                         00003BFF
_IESO_ON                          00003FFF
_INTOSC                           00003FFD
_INTOSCIO                         00003FFC
_INTRC_OSC_CLKOUT                 00003FFD
_INTRC_OSC_NOCLKOUT               00003FFC
_LP_OSC                           00003FF8
_LVP_OFF                          00002FFF
_LVP_ON                           00003FFF
_MCLRE_OFF                        00003FDF
_MCLRE_ON                         00003FFF
_PWRTE_OFF                        00003FFF
_PWRTE_ON                         00003FEF
_WDTE_OFF                         00003FF7
_WDTE_ON                          00003FFF
_WDT_OFF                          00003FF7
_WDT_ON                           00003FFF
_WRT_1FOURTH                      00003BFF
_WRT_256                          00003DFF
_WRT_HALF                         000039FF
_WRT_OFF                          00003FFF
_XT_OSC                           00003FF9
__16F887                          00000001
recibido                          00000020

Errors   :     0
Warnings :     7 reported,     0 suppressed
Messages :    18 reported,     0 suppressed

