MPASM 5.82  /HOME/OMARS/MPLABXPROJECTS/PIC16   1-4-2022  3:00:18         PAGE  1


LOC  OBJECT CODE     LINE SOURCE TEXT
  VALUE

Warning[205]: Found directive in column 1. (LIST)
                      00001 LIST P = 16F887
                      00002 #include "p16f887.inc"
                      00001         LIST
                      00002 
                      00003 ;==========================================================================
                      00004 ; Build date : Sep 19 2018
                      00005 ;  MPASM PIC16F887 processor include
                      00006 ; 
                      00007 ;  (c) Copyright 1999-2018 Microchip Technology, All rights reserved
                      00008 ;==========================================================================
                      00009 
                      00810         LIST
                      00003 
                      00004 ; CONFIG1
                      00005 ; __config 0xE0F2
2007   20F2           00006  __CONFIG _CONFIG1, _FOSC_HS & _WDTE_OFF & _PWRTE_OFF & _MCLRE_ON & _CP_OFF & _CPD_OFF & _BOREN_OFF & _I
                            ESO_OFF & _FCMEN_OFF & _LVP_OFF
                      00007 ; CONFIG2
                      00008 ; __config 0xFEFF
2008   3EFF           00009  __CONFIG _CONFIG2, _BOR4V_BOR21V & _WRT_OFF
                      00010  
                      00011  CBLOCK 0x20
  00000020            00012  VAR
  00000021            00013  DECREASE
                      00014  ENDC
                      00015 
                      00016 
                      00017         
Warning[205]: Found directive in column 1. (ORG)
                      00018 ORG 0X0000
0000   2???           00019     GOTO INICIO
                      00020     
Warning[205]: Found directive in column 1. (ORG)
                      00021 ORG 0X0005
0005                  00022 INICIO
                      00023    
0005   1683 1703      00024     BANKSEL ANSEL
0007   3000           00025     MOVLW   0X00
Message[302]: Register in operand not in bank 0.  Ensure that bank bits are correct.
0008   0088           00026     MOVWF   ANSEL
0009   3000           00027     MOVLW   0X00
Message[302]: Register in operand not in bank 0.  Ensure that bank bits are correct.
000A   0089           00028     MOVWF   ANSELH
                      00029     
000B   1683 1303      00030     BANKSEL TRISB
000D   3000           00031     MOVLW   0X00
Message[302]: Register in operand not in bank 0.  Ensure that bank bits are correct.
000E   0086           00032     MOVWF   TRISB
                      00033     
000F   1283 1303      00034     BANKSEL PORTB
0011   3000           00035     MOVLW   0X00
0012   0086           00036     MOVWF   PORTB
MPASM 5.82  /HOME/OMARS/MPLABXPROJECTS/PIC16   1-4-2022  3:00:18         PAGE  2


LOC  OBJECT CODE     LINE SOURCE TEXT
  VALUE

                      00037     
0013   3006           00038     MOVLW   D'6'
0014   1283 1303      00039     BANKSEL VAR
0016   00A0           00040     MOVWF   VAR
                      00041     
                      00042     
                      00043 
                      00044     
0017                  00045 BUCLE:
                      00046     
0017   1283 1303      00047     BANKSEL PORTB
0019   0186           00048     CLRF    PORTB
                      00049     
001A   1283 1303      00050     BANKSEL VAR
001C   0BA0           00051     DECFSZ  VAR,1
001D   2???           00052     GOTO    SHOW_NUMBER
001E   2???           00053     CALL    END_CYCLE
                      00054     
                      00055 
                      00056    
Warning[203]: Found opcode in column 1. (GOTO)
001F   2???           00057 GOTO    BUCLE
                      00058     
                      00059     
                      00060      
Warning[207]: Found label after column 1. (SHOW_NUMBER)
0020                  00061     SHOW_NUMBER:
                      00062    
0020   0820           00063     MOVFW   VAR
                      00064     
0021   1283 1303      00065     BANKSEL PORTB
0023   0086           00066     MOVWF   PORTB
                      00067     
0024   2???           00068     CALL    Delay1s
                      00069     
0025   2???           00070     GOTO    BUCLE
                      00071     
                      00072     
Warning[207]: Found label after column 1. (END_CYCLE)
0026                  00073     END_CYCLE:
                      00074     
0026   1283 1303      00075     BANKSEL PORTB
0028   30FF           00076     MOVLW   0XFF
0029   0086           00077     MOVWF   PORTB
                      00078     
002A   2???           00079     CALL    Delay1s
002B   2???           00080     CALL    Delay1s
002C   2???           00081     CALL    Delay1s
                      00082    
                      00083     
002D   3006           00084     MOVLW   D'6'
002E   1283 1303      00085     BANKSEL VAR
0030   00A0           00086     MOVWF   VAR
MPASM 5.82  /HOME/OMARS/MPLABXPROJECTS/PIC16   1-4-2022  3:00:18         PAGE  3


LOC  OBJECT CODE     LINE SOURCE TEXT
  VALUE

                      00087     
                      00088     
                      00089     
0031   0008           00090     RETURN
                      00091     
                      00092     
                      00093     
                      00094     
                      00095 
                      00096     
                      00097     
                      00098     include <Timing.inc>
Warning[205]: Found directive in column 1. (CBLOCK)
                      00001 CBLOCK 0x0A0
  000000A0            00002         Count100us
  000000A1            00003         Count500us
  000000A2            00004         Count1ms
  000000A3            00005         Count100ms
  000000A4            00006         Count300ms
  000000A5            00007         Count500ms
  000000A6            00008         Count700ms
  000000A7            00009         Count1s
Warning[205]: Found directive in column 1. (ENDC)
                      00010 ENDC
                      00011         
                      00012         
0032                  00013 Delay100us:
0032   1683 1303      00014     BANKSEL Count100us
0034   3064           00015     MOVLW   D'100'
Message[302]: Register in operand not in bank 0.  Ensure that bank bits are correct.
0035   00A0           00016     MOVWF   Count100us
0036                  00017 D100us:
Message[305]: Using default destination of 1 (file).
Message[302]: Register in operand not in bank 0.  Ensure that bank bits are correct.
0036   0BA0           00018     DECFSZ  Count100us
0037   2???           00019     GOTO    D100us
0038   0008           00020     RETURN
                      00021 
                      00022     
0039                  00023 Delay500us:
0039   1683 1303      00024     BANKSEL Count500us
003B   3005           00025     MOVLW   D'5'
Message[302]: Register in operand not in bank 0.  Ensure that bank bits are correct.
003C   00A1           00026     MOVWF   Count500us
003D                  00027 D500us:
003D   2???           00028     CALL    Delay100us
Message[305]: Using default destination of 1 (file).
Message[302]: Register in operand not in bank 0.  Ensure that bank bits are correct.
003E   0BA1           00029     DECFSZ  Count500us
003F   2???           00030     GOTO    D500us
0040   0008           00031     RETURN
                      00032     
0041                  00033 Delay1ms:
MPASM 5.82  /HOME/OMARS/MPLABXPROJECTS/PIC16   1-4-2022  3:00:18         PAGE  4


LOC  OBJECT CODE     LINE SOURCE TEXT
  VALUE

0041   1683 1303      00034     BANKSEL Count1ms
0043   3002           00035     MOVLW   D'2'
Message[302]: Register in operand not in bank 0.  Ensure that bank bits are correct.
0044   00A2           00036     MOVWF   Count1ms
0045                  00037 D1ms:
0045   2???           00038     CALL    Delay500us    
Message[305]: Using default destination of 1 (file).
Message[302]: Register in operand not in bank 0.  Ensure that bank bits are correct.
0046   0BA2           00039     DECFSZ  Count1ms
0047   2???           00040     GOTO    D1ms
0048   0008           00041     RETURN
                      00042     
0049                  00043 Delay100ms:
0049   1683 1303      00044     BANKSEL Count100ms
004B   3064           00045     MOVLW   D'100'
Message[302]: Register in operand not in bank 0.  Ensure that bank bits are correct.
004C   00A3           00046     MOVWF   Count100ms
004D                  00047 D100ms:
004D   2???           00048     CALL    Delay1ms    
Message[305]: Using default destination of 1 (file).
Message[302]: Register in operand not in bank 0.  Ensure that bank bits are correct.
004E   0BA3           00049     DECFSZ  Count100ms
004F   2???           00050     GOTO    D100ms
0050   0008           00051     RETURN
                      00052     
0051                  00053 Delay500ms:
0051   1683 1303      00054     BANKSEL Count500ms
0053   3005           00055     MOVLW   D'5'
Message[302]: Register in operand not in bank 0.  Ensure that bank bits are correct.
0054   00A5           00056     MOVWF   Count500ms
0055                  00057 D500ms:
0055   2???           00058     CALL    Delay100ms    
Message[305]: Using default destination of 1 (file).
Message[302]: Register in operand not in bank 0.  Ensure that bank bits are correct.
0056   0BA5           00059     DECFSZ  Count500ms
0057   2???           00060     GOTO    D500ms
0058   0008           00061     RETURN
                      00062     
0059                  00063 Delay700ms:
0059   1683 1303      00064     BANKSEL Count700ms
005B   3007           00065     MOVLW   D'7'
Message[302]: Register in operand not in bank 0.  Ensure that bank bits are correct.
005C   00A6           00066     MOVWF   Count700ms
005D                  00067 D700ms:
005D   2???           00068     CALL    Delay100ms    
Message[305]: Using default destination of 1 (file).
Message[302]: Register in operand not in bank 0.  Ensure that bank bits are correct.
005E   0BA6           00069     DECFSZ  Count700ms
005F   2???           00070     GOTO    D700ms
0060   0008           00071     RETURN
                      00072     
0061                  00073 Delay1s:
0061   1683 1303      00074     BANKSEL Count1s
MPASM 5.82  /HOME/OMARS/MPLABXPROJECTS/PIC16   1-4-2022  3:00:18         PAGE  5


LOC  OBJECT CODE     LINE SOURCE TEXT
  VALUE

0063   3002           00075     MOVLW   D'2'
Message[302]: Register in operand not in bank 0.  Ensure that bank bits are correct.
0064   00A7           00076     MOVWF   Count1s
0065                  00077 D1s:
0065   2???           00078     CALL    Delay500ms    
Message[305]: Using default destination of 1 (file).
Message[302]: Register in operand not in bank 0.  Ensure that bank bits are correct.
0066   0BA7           00079     DECFSZ  Count1s
0067   2???           00080     GOTO    D1s
0068   0008           00081     RETURN
                      00082     
0069                  00083 Delay300ms:
0069   1683 1303      00084     BANKSEL Count300ms
006B   3003           00085     MOVLW   D'3'
Message[302]: Register in operand not in bank 0.  Ensure that bank bits are correct.
006C   00A4           00086     MOVWF   Count300ms
006D                  00087 D300ms:
006D   2???           00088     CALL    Delay100ms    
Message[305]: Using default destination of 1 (file).
Message[302]: Register in operand not in bank 0.  Ensure that bank bits are correct.
006E   0BA4           00089     DECFSZ  Count300ms
006F   2???           00090     GOTO    D300ms
0070   0008           00091     RETURN
                      00092         
                      00093 
                      00094         
                      00095         
Warning[205]: Found directive in column 1. (END)
20F2 3EFF             00096 END
MPASM 5.82  /HOME/OMARS/MPLABXPROJECTS/PIC16   1-4-2022  3:00:18         PAGE  6


SYMBOL TABLE
  LABEL                             VALUE 

ABDEN                             00000000
ABDOVF                            00000007
ACKDT                             00000005
ACKEN                             00000004
ACKSTAT                           00000006
ADCON0                            0000001F
ADCON1                            0000009F
ADCS0                             00000006
ADCS1                             00000007
ADDEN                             00000003
ADFM                              00000007
ADIE                              00000006
ADIF                              00000006
ADON                              00000000
ADRESH                            0000001E
ADRESL                            0000009E
ANS0                              00000000
ANS1                              00000001
ANS10                             00000002
ANS11                             00000003
ANS12                             00000004
ANS13                             00000005
ANS2                              00000002
ANS3                              00000003
ANS4                              00000004
ANS5                              00000005
ANS6                              00000006
ANS7                              00000007
ANS8                              00000000
ANS9                              00000001
ANSEL                             00000188
ANSELH                            00000189
BAUDCTL                           00000187
BCLIE                             00000003
BCLIF                             00000003
BF                                00000000
BRG0                              00000000
BRG1                              00000001
BRG10                             00000002
BRG11                             00000003
BRG12                             00000004
BRG13                             00000005
BRG14                             00000006
BRG15                             00000007
BRG16                             00000003
BRG2                              00000002
BRG3                              00000003
BRG4                              00000004
BRG5                              00000005
BRG6                              00000006
BRG7                              00000007
BRG8                              00000000
BRG9                              00000001
MPASM 5.82  /HOME/OMARS/MPLABXPROJECTS/PIC16   1-4-2022  3:00:18         PAGE  7


SYMBOL TABLE
  LABEL                             VALUE 

BRGH                              00000002
BUCLE                             00000017
C                                 00000000
C1CH0                             00000000
C1CH1                             00000001
C1IE                              00000005
C1IF                              00000005
C1OE                              00000005
C1ON                              00000007
C1OUT                             00000006
C1POL                             00000004
C1R                               00000002
C1RSEL                            00000005
C1SEN                             00000005
C2CH0                             00000000
C2CH1                             00000001
C2IE                              00000006
C2IF                              00000006
C2OE                              00000005
C2ON                              00000007
C2OUT                             00000006
C2POL                             00000004
C2R                               00000002
C2REN                             00000004
C2RSEL                            00000004
C2SYNC                            00000000
CCP1CON                           00000017
CCP1IE                            00000002
CCP1IF                            00000002
CCP1M0                            00000000
CCP1M1                            00000001
CCP1M2                            00000002
CCP1M3                            00000003
CCP1X                             00000005
CCP1Y                             00000004
CCP2CON                           0000001D
CCP2IE                            00000000
CCP2IF                            00000000
CCP2M0                            00000000
CCP2M1                            00000001
CCP2M2                            00000002
CCP2M3                            00000003
CCP2X                             00000005
CCP2Y                             00000004
CCPR1                             00000015
CCPR1H                            00000016
CCPR1L                            00000015
CCPR2                             0000001B
CCPR2H                            0000001C
CCPR2L                            0000001B
CHS0                              00000002
CHS1                              00000003
CHS2                              00000004
MPASM 5.82  /HOME/OMARS/MPLABXPROJECTS/PIC16   1-4-2022  3:00:18         PAGE  8


SYMBOL TABLE
  LABEL                             VALUE 

CHS3                              00000005
CKE                               00000006
CKP                               00000004
CM1CON0                           00000107
CM2CON0                           00000108
CM2CON1                           00000109
CREN                              00000004
CSRC                              00000007
Count100ms                        000000A3
Count100us                        000000A0
Count1ms                          000000A2
Count1s                           000000A7
Count300ms                        000000A4
Count500ms                        000000A5
Count500us                        000000A1
Count700ms                        000000A6
D                                 00000005
D100ms                            0000004D
D100us                            00000036
D1ms                              00000045
D1s                               00000065
D300ms                            0000006D
D500ms                            00000055
D500us                            0000003D
D700ms                            0000005D
DATA_ADDRESS                      00000005
DC                                00000001
DC1B0                             00000004
DC1B1                             00000005
DC2B0                             00000004
DC2B1                             00000005
DECREASE                          00000021
D_A                               00000005
D_NOT_A                           00000005
Delay100ms                        00000049
Delay100us                        00000032
Delay1ms                          00000041
Delay1s                           00000061
Delay300ms                        00000069
Delay500ms                        00000051
Delay500us                        00000039
Delay700ms                        00000059
ECCPAS                            0000009C
ECCPAS0                           00000004
ECCPAS1                           00000005
ECCPAS2                           00000006
ECCPASE                           00000007
EEADR                             0000010D
EEADRH                            0000010F
EECON1                            0000018C
EECON2                            0000018D
EEDAT                             0000010C
EEDATA                            0000010C
MPASM 5.82  /HOME/OMARS/MPLABXPROJECTS/PIC16   1-4-2022  3:00:18         PAGE  9


SYMBOL TABLE
  LABEL                             VALUE 

EEDATH                            0000010E
EEIE                              00000004
EEIF                              00000004
EEPGD                             00000007
END_CYCLE                         00000026
F                                 00000001
FERR                              00000002
FSR                               00000004
FVREN                             00000000
GCEN                              00000007
GIE                               00000007
GO                                00000001
GO_DONE                           00000001
GO_NOT_DONE                       00000001
HTS                               00000002
I2C_DATA                          00000005
I2C_READ                          00000002
I2C_START                         00000003
I2C_STOP                          00000004
INDF                              00000000
INICIO                            00000005
INTCON                            0000000B
INTE                              00000004
INTEDG                            00000006
INTF                              00000001
IOCB                              00000096
IOCB0                             00000000
IOCB1                             00000001
IOCB2                             00000002
IOCB3                             00000003
IOCB4                             00000004
IOCB5                             00000005
IOCB6                             00000006
IOCB7                             00000007
IRCF0                             00000004
IRCF1                             00000005
IRCF2                             00000006
IRP                               00000007
LTS                               00000001
MC1OUT                            00000007
MC2OUT                            00000006
MSK                               00000093
MSK0                              00000000
MSK1                              00000001
MSK2                              00000002
MSK3                              00000003
MSK4                              00000004
MSK5                              00000005
MSK6                              00000006
MSK7                              00000007
NOT_A                             00000005
NOT_ADDRESS                       00000005
NOT_BO                            00000000
MPASM 5.82  /HOME/OMARS/MPLABXPROJECTS/PIC16   1-4-2022  3:00:18         PAGE 10


SYMBOL TABLE
  LABEL                             VALUE 

NOT_BOR                           00000000
NOT_DONE                          00000001
NOT_PD                            00000003
NOT_POR                           00000001
NOT_RBPU                          00000007
NOT_RC8                           00000006
NOT_T1SYNC                        00000002
NOT_TO                            00000004
NOT_TX8                           00000006
NOT_W                             00000002
NOT_WRITE                         00000002
OERR                              00000001
OPTION_REG                        00000081
OSCCON                            0000008F
OSCTUNE                           00000090
OSFIE                             00000007
OSFIF                             00000007
OSTS                              00000003
P                                 00000004
P1M0                              00000006
P1M1                              00000007
PCL                               00000002
PCLATH                            0000000A
PCON                              0000008E
PDC0                              00000000
PDC1                              00000001
PDC2                              00000002
PDC3                              00000003
PDC4                              00000004
PDC5                              00000005
PDC6                              00000006
PEIE                              00000006
PEN                               00000002
PIE1                              0000008C
PIE2                              0000008D
PIR1                              0000000C
PIR2                              0000000D
PORTA                             00000005
PORTB                             00000006
PORTC                             00000007
PORTD                             00000008
PORTE                             00000009
PR2                               00000092
PRSEN                             00000007
PS0                               00000000
PS1                               00000001
PS2                               00000002
PSA                               00000003
PSSAC0                            00000002
PSSAC1                            00000003
PSSBD0                            00000000
PSSBD1                            00000001
PSTRCON                           0000009D
MPASM 5.82  /HOME/OMARS/MPLABXPROJECTS/PIC16   1-4-2022  3:00:18         PAGE 11


SYMBOL TABLE
  LABEL                             VALUE 

PULSR                             00000002
PULSS                             00000003
PWM1CON                           0000009B
R                                 00000002
RA0                               00000000
RA1                               00000001
RA2                               00000002
RA3                               00000003
RA4                               00000004
RA5                               00000005
RA6                               00000006
RA7                               00000007
RB0                               00000000
RB1                               00000001
RB2                               00000002
RB3                               00000003
RB4                               00000004
RB5                               00000005
RB6                               00000006
RB7                               00000007
RBIE                              00000003
RBIF                              00000000
RC0                               00000000
RC1                               00000001
RC2                               00000002
RC3                               00000003
RC4                               00000004
RC5                               00000005
RC6                               00000006
RC7                               00000007
RC8_9                             00000006
RC9                               00000006
RCD8                              00000000
RCEN                              00000003
RCIDL                             00000006
RCIE                              00000005
RCIF                              00000005
RCREG                             0000001A
RCSTA                             00000018
RD                                00000000
RD0                               00000000
RD1                               00000001
RD2                               00000002
RD3                               00000003
RD4                               00000004
RD5                               00000005
RD6                               00000006
RD7                               00000007
RE0                               00000000
RE1                               00000001
RE2                               00000002
RE3                               00000003
READ_WRITE                        00000002
MPASM 5.82  /HOME/OMARS/MPLABXPROJECTS/PIC16   1-4-2022  3:00:18         PAGE 12


SYMBOL TABLE
  LABEL                             VALUE 

RP0                               00000005
RP1                               00000006
RSEN                              00000001
RX9                               00000006
RX9D                              00000000
R_NOT_W                           00000002
R_W                               00000002
S                                 00000003
SBOREN                            00000004
SCKP                              00000004
SCS                               00000000
SEN                               00000000
SENDB                             00000003
SHOW_NUMBER                       00000020
SMP                               00000007
SPBRG                             00000099
SPBRGH                            0000009A
SPEN                              00000007
SR0                               00000006
SR1                               00000007
SRCON                             00000185
SREN                              00000005
SSPADD                            00000093
SSPBUF                            00000013
SSPCON                            00000014
SSPCON2                           00000091
SSPEN                             00000005
SSPIE                             00000003
SSPIF                             00000003
SSPM0                             00000000
SSPM1                             00000001
SSPM2                             00000002
SSPM3                             00000003
SSPMSK                            00000093
SSPOV                             00000006
SSPSTAT                           00000094
STATUS                            00000003
STRA                              00000000
STRB                              00000001
STRC                              00000002
STRD                              00000003
STRSYNC                           00000004
SWDTEN                            00000000
SYNC                              00000004
T0CS                              00000005
T0IE                              00000005
T0IF                              00000002
T0SE                              00000004
T1CKPS0                           00000004
T1CKPS1                           00000005
T1CON                             00000010
T1GINV                            00000007
T1GIV                             00000007
MPASM 5.82  /HOME/OMARS/MPLABXPROJECTS/PIC16   1-4-2022  3:00:18         PAGE 13


SYMBOL TABLE
  LABEL                             VALUE 

T1GSS                             00000001
T1INSYNC                          00000002
T1OSCEN                           00000003
T1SYNC                            00000002
T2CKPS0                           00000000
T2CKPS1                           00000001
T2CON                             00000012
TMR0                              00000001
TMR0IE                            00000005
TMR0IF                            00000002
TMR1                              0000000E
TMR1CS                            00000001
TMR1GE                            00000006
TMR1H                             0000000F
TMR1IE                            00000000
TMR1IF                            00000000
TMR1L                             0000000E
TMR1ON                            00000000
TMR2                              00000011
TMR2IE                            00000001
TMR2IF                            00000001
TMR2ON                            00000002
TOUTPS0                           00000003
TOUTPS1                           00000004
TOUTPS2                           00000005
TOUTPS3                           00000006
TRISA                             00000085
TRISA0                            00000000
TRISA1                            00000001
TRISA2                            00000002
TRISA3                            00000003
TRISA4                            00000004
TRISA5                            00000005
TRISA6                            00000006
TRISA7                            00000007
TRISB                             00000086
TRISB0                            00000000
TRISB1                            00000001
TRISB2                            00000002
TRISB3                            00000003
TRISB4                            00000004
TRISB5                            00000005
TRISB6                            00000006
TRISB7                            00000007
TRISC                             00000087
TRISC0                            00000000
TRISC1                            00000001
TRISC2                            00000002
TRISC3                            00000003
TRISC4                            00000004
TRISC5                            00000005
TRISC6                            00000006
TRISC7                            00000007
MPASM 5.82  /HOME/OMARS/MPLABXPROJECTS/PIC16   1-4-2022  3:00:18         PAGE 14


SYMBOL TABLE
  LABEL                             VALUE 

TRISD                             00000088
TRISD0                            00000000
TRISD1                            00000001
TRISD2                            00000002
TRISD3                            00000003
TRISD4                            00000004
TRISD5                            00000005
TRISD6                            00000006
TRISD7                            00000007
TRISE                             00000089
TRISE0                            00000000
TRISE1                            00000001
TRISE2                            00000002
TRISE3                            00000003
TRMT                              00000001
TUN0                              00000000
TUN1                              00000001
TUN2                              00000002
TUN3                              00000003
TUN4                              00000004
TX8_9                             00000006
TX9                               00000006
TX9D                              00000000
TXD8                              00000000
TXEN                              00000005
TXIE                              00000004
TXIF                              00000004
TXREG                             00000019
TXSTA                             00000098
UA                                00000001
ULPWUE                            00000005
ULPWUIE                           00000002
ULPWUIF                           00000002
VAR                               00000020
VCFG0                             00000004
VCFG1                             00000005
VR0                               00000000
VR1                               00000001
VR2                               00000002
VR3                               00000003
VRCON                             00000097
VREN                              00000007
VROE                              00000006
VRR                               00000005
VRSS                              00000004
W                                 00000000
WCOL                              00000007
WDTCON                            00000105
WDTPS0                            00000001
WDTPS1                            00000002
WDTPS2                            00000003
WDTPS3                            00000004
WPUB                              00000095
MPASM 5.82  /HOME/OMARS/MPLABXPROJECTS/PIC16   1-4-2022  3:00:18         PAGE 15


SYMBOL TABLE
  LABEL                             VALUE 

WPUB0                             00000000
WPUB1                             00000001
WPUB2                             00000002
WPUB3                             00000003
WPUB4                             00000004
WPUB5                             00000005
WPUB6                             00000006
WPUB7                             00000007
WR                                00000001
WREN                              00000002
WRERR                             00000003
WUE                               00000001
Z                                 00000002
_BOR21V                           00003EFF
_BOR40V                           00003FFF
_BOR4V_BOR21V                     00003EFF
_BOR4V_BOR40V                     00003FFF
_BOREN_NSLEEP                     00003EFF
_BOREN_OFF                        00003CFF
_BOREN_ON                         00003FFF
_BOREN_SBODEN                     00003DFF
_BOR_NSLEEP                       00003EFF
_BOR_OFF                          00003CFF
_BOR_ON                           00003FFF
_BOR_SBODEN                       00003DFF
_CONFIG1                          00002007
_CONFIG2                          00002008
_CPD_OFF                          00003FFF
_CPD_ON                           00003F7F
_CP_OFF                           00003FFF
_CP_ON                            00003FBF
_DEBUG_OFF                        00003FFF
_DEBUG_ON                         00001FFF
_DEVID1                           00002006
_EC_OSC                           00003FFB
_EXTRC                            00003FFF
_EXTRCIO                          00003FFE
_EXTRC_OSC_CLKOUT                 00003FFF
_EXTRC_OSC_NOCLKOUT               00003FFE
_FCMEN_OFF                        000037FF
_FCMEN_ON                         00003FFF
_FOSC_EC                          00003FFB
_FOSC_EXTRC_CLKOUT                00003FFF
_FOSC_EXTRC_NOCLKOUT              00003FFE
_FOSC_HS                          00003FFA
_FOSC_INTRC_CLKOUT                00003FFD
_FOSC_INTRC_NOCLKOUT              00003FFC
_FOSC_LP                          00003FF8
_FOSC_XT                          00003FF9
_HS_OSC                           00003FFA
_IDLOC0                           00002000
_IDLOC1                           00002001
_IDLOC2                           00002002
MPASM 5.82  /HOME/OMARS/MPLABXPROJECTS/PIC16   1-4-2022  3:00:18         PAGE 16


SYMBOL TABLE
  LABEL                             VALUE 

_IDLOC3                           00002003
_IESO_OFF                         00003BFF
_IESO_ON                          00003FFF
_INTOSC                           00003FFD
_INTOSCIO                         00003FFC
_INTRC_OSC_CLKOUT                 00003FFD
_INTRC_OSC_NOCLKOUT               00003FFC
_LP_OSC                           00003FF8
_LVP_OFF                          00002FFF
_LVP_ON                           00003FFF
_MCLRE_OFF                        00003FDF
_MCLRE_ON                         00003FFF
_PWRTE_OFF                        00003FFF
_PWRTE_ON                         00003FEF
_WDTE_OFF                         00003FF7
_WDTE_ON                          00003FFF
_WDT_OFF                          00003FF7
_WDT_ON                           00003FFF
_WRT_1FOURTH                      00003BFF
_WRT_256                          00003DFF
_WRT_HALF                         000039FF
_WRT_OFF                          00003FFF
_XT_OSC                           00003FF9
__16F887                          00000001

Errors   :     0
Warnings :     9 reported,     0 suppressed
Messages :    27 reported,     0 suppressed

