Warning[205] /home/omars/MPLABXProjects/PIC16F887/ADC vref lcd.X/main.asm 1 : Found directive in column 1. (LIST)
Warning[205] /home/omars/MPLABXProjects/PIC16F887/ADC vref lcd.X/main.asm 26 : Found directive in column 1. (ORG)
Warning[205] /home/omars/MPLABXProjects/PIC16F887/ADC vref lcd.X/main.asm 29 : Found directive in column 1. (ORG)
Message[302] /home/omars/MPLABXProjects/PIC16F887/ADC vref lcd.X/main.asm 33 : Register in operand not in bank 0.  Ensure that bank bits are correct.
Message[302] /home/omars/MPLABXProjects/PIC16F887/ADC vref lcd.X/main.asm 36 : Register in operand not in bank 0.  Ensure that bank bits are correct.
Message[302] /home/omars/MPLABXProjects/PIC16F887/ADC vref lcd.X/main.asm 38 : Register in operand not in bank 0.  Ensure that bank bits are correct.
Message[302] /home/omars/MPLABXProjects/PIC16F887/ADC vref lcd.X/main.asm 41 : Register in operand not in bank 0.  Ensure that bank bits are correct.
Message[302] /home/omars/MPLABXProjects/PIC16F887/ADC vref lcd.X/main.asm 44 : Register in operand not in bank 0.  Ensure that bank bits are correct.
Message[302] /home/omars/MPLABXProjects/PIC16F887/ADC vref lcd.X/main.asm 48 : Register in operand not in bank 0.  Ensure that bank bits are correct.
Message[302] /home/omars/MPLABXProjects/PIC16F887/ADC vref lcd.X/main.asm 53 : Register in operand not in bank 0.  Ensure that bank bits are correct.
Message[302] /home/omars/MPLABXProjects/PIC16F887/ADC vref lcd.X/main.asm 80 : Register in operand not in bank 0.  Ensure that bank bits are correct.
Warning[207] /home/omars/MPLABXProjects/PIC16F887/ADC vref lcd.X/main.asm 98 : Found label after column 1. (Init_CONVERSION)
Warning[207] /home/omars/MPLABXProjects/PIC16F887/ADC vref lcd.X/main.asm 104 : Found label after column 1. (CONVERSION)
Warning[202] /home/omars/MPLABXProjects/PIC16F887/ADC vref lcd.X/main.asm 107 : Argument out of range.  Least significant bits used.
Warning[205] /home/omars/MPLABXProjects/PIC16F887/ADC vref lcd.X/LCD.inc 5 : Found directive in column 1. (CBLOCK)
Warning[205] /home/omars/MPLABXProjects/PIC16F887/ADC vref lcd.X/LCD.inc 16 : Found directive in column 1. (ENDC)
Message[305] /home/omars/MPLABXProjects/PIC16F887/ADC vref lcd.X/LCD.inc 326 : Using default destination of 1 (file).
Message[305] /home/omars/MPLABXProjects/PIC16F887/ADC vref lcd.X/LCD.inc 336 : Using default destination of 1 (file).
Message[305] /home/omars/MPLABXProjects/PIC16F887/ADC vref lcd.X/LCD.inc 346 : Using default destination of 1 (file).
Message[305] /home/omars/MPLABXProjects/PIC16F887/ADC vref lcd.X/LCD.inc 355 : Using default destination of 1 (file).
Message[305] /home/omars/MPLABXProjects/PIC16F887/ADC vref lcd.X/LCD.inc 365 : Using default destination of 1 (file).
Message[305] /home/omars/MPLABXProjects/PIC16F887/ADC vref lcd.X/LCD.inc 375 : Using default destination of 1 (file).
Message[305] /home/omars/MPLABXProjects/PIC16F887/ADC vref lcd.X/LCD.inc 384 : Using default destination of 1 (file).
Message[305] /home/omars/MPLABXProjects/PIC16F887/ADC vref lcd.X/MUL.inc 28 : Using default destination of 1 (file).
Warning[205] /home/omars/MPLABXProjects/PIC16F887/ADC vref lcd.X/main.asm 149 : Found directive in column 1. (END)
