Warning[205] /home/omars/MPLABXProjects/PIC16F887/EUSART INTERRUPT.X/main.asm 1 : Found directive in column 1. (LIST)
Warning[205] /home/omars/MPLABXProjects/PIC16F887/EUSART INTERRUPT.X/main.asm 15 : Found directive in column 1. (ORG)
Warning[205] /home/omars/MPLABXProjects/PIC16F887/EUSART INTERRUPT.X/main.asm 18 : Found directive in column 1. (ORG)
Warning[205] /home/omars/MPLABXProjects/PIC16F887/EUSART INTERRUPT.X/main.asm 21 : Found directive in column 1. (ORG)
Message[302] /home/omars/MPLABXProjects/PIC16F887/EUSART INTERRUPT.X/main.asm 25 : Register in operand not in bank 0.  Ensure that bank bits are correct.
Message[302] /home/omars/MPLABXProjects/PIC16F887/EUSART INTERRUPT.X/main.asm 27 : Register in operand not in bank 0.  Ensure that bank bits are correct.
Message[302] /home/omars/MPLABXProjects/PIC16F887/EUSART INTERRUPT.X/main.asm 31 : Register in operand not in bank 0.  Ensure that bank bits are correct.
Message[302] /home/omars/MPLABXProjects/PIC16F887/EUSART INTERRUPT.X/main.asm 33 : Register in operand not in bank 0.  Ensure that bank bits are correct.
Message[302] /home/omars/MPLABXProjects/PIC16F887/EUSART INTERRUPT.X/main.asm 53 : Register in operand not in bank 0.  Ensure that bank bits are correct.
Message[302] /home/omars/MPLABXProjects/PIC16F887/EUSART INTERRUPT.X/main.asm 55 : Register in operand not in bank 0.  Ensure that bank bits are correct.
Message[302] /home/omars/MPLABXProjects/PIC16F887/EUSART INTERRUPT.X/main.asm 57 : Register in operand not in bank 0.  Ensure that bank bits are correct.
Message[302] /home/omars/MPLABXProjects/PIC16F887/EUSART INTERRUPT.X/main.asm 59 : Register in operand not in bank 0.  Ensure that bank bits are correct.
Message[302] /home/omars/MPLABXProjects/PIC16F887/EUSART INTERRUPT.X/main.asm 66 : Register in operand not in bank 0.  Ensure that bank bits are correct.
Message[302] /home/omars/MPLABXProjects/PIC16F887/EUSART INTERRUPT.X/main.asm 74 : Register in operand not in bank 0.  Ensure that bank bits are correct.
Message[302] /home/omars/MPLABXProjects/PIC16F887/EUSART INTERRUPT.X/main.asm 101 : Register in operand not in bank 0.  Ensure that bank bits are correct.
Warning[205] /home/omars/MPLABXProjects/PIC16F887/EUSART INTERRUPT.X/main.asm 111 : Found directive in column 1. (INCLUDE)
Warning[205] /home/omars/MPLABXProjects/PIC16F887/EUSART INTERRUPT.X/LCD_lib.inc 6 : Found directive in column 1. (CBLOCK)
Warning[205] /home/omars/MPLABXProjects/PIC16F887/EUSART INTERRUPT.X/LCD_lib.inc 17 : Found directive in column 1. (ENDC)
Message[305] /home/omars/MPLABXProjects/PIC16F887/EUSART INTERRUPT.X/LCD_lib.inc 327 : Using default destination of 1 (file).
Message[305] /home/omars/MPLABXProjects/PIC16F887/EUSART INTERRUPT.X/LCD_lib.inc 337 : Using default destination of 1 (file).
Message[305] /home/omars/MPLABXProjects/PIC16F887/EUSART INTERRUPT.X/LCD_lib.inc 347 : Using default destination of 1 (file).
Message[305] /home/omars/MPLABXProjects/PIC16F887/EUSART INTERRUPT.X/LCD_lib.inc 356 : Using default destination of 1 (file).
Message[305] /home/omars/MPLABXProjects/PIC16F887/EUSART INTERRUPT.X/LCD_lib.inc 366 : Using default destination of 1 (file).
Message[305] /home/omars/MPLABXProjects/PIC16F887/EUSART INTERRUPT.X/LCD_lib.inc 376 : Using default destination of 1 (file).
Message[305] /home/omars/MPLABXProjects/PIC16F887/EUSART INTERRUPT.X/LCD_lib.inc 385 : Using default destination of 1 (file).
