MPASM 5.82  /HOME/OMARS/MPLABXPROJECTS/PIC16   6-19-2021  14:00:13         PAGE  1


LOC  OBJECT CODE     LINE SOURCE TEXT
  VALUE

Warning[205]: Found directive in column 1. (LIST)
                      00001 LIST P = 16F887
                      00002 #include "p16f887.inc"
                      00001         LIST
                      00002 
                      00003 ;==========================================================================
                      00004 ; Build date : Sep 19 2018
                      00005 ;  MPASM PIC16F887 processor include
                      00006 ; 
                      00007 ;  (c) Copyright 1999-2018 Microchip Technology, All rights reserved
                      00008 ;==========================================================================
                      00009 
                      00810         LIST
                      00003 
                      00004 ; CONFIG1
                      00005 ; __config 0xE0F2
2007   20F2           00006  __CONFIG _CONFIG1, _FOSC_HS & _WDTE_OFF & _PWRTE_OFF & _MCLRE_ON & _CP_OFF & _CPD_OFF & _BOREN_OFF & _I
                            ESO_OFF & _FCMEN_OFF & _LVP_OFF
                      00007 ; CONFIG2
                      00008 ; __config 0xFEFF
2008   3EFF           00009  __CONFIG _CONFIG2, _BOR4V_BOR21V & _WRT_OFF
                      00010  
                      00011  
                      00012  CBLOCK 0x020
  00000020            00013         Count100us
  00000021            00014         Count500us
  00000022            00015         Count1ms
  00000023            00016         Count100ms
  00000024            00017         Count500ms
  00000025            00018         Count700ms
  00000026            00019         Count1s
Warning[205]: Found directive in column 1. (ENDC)
                      00020 ENDC
                      00021 
                      00022         
Warning[205]: Found directive in column 1. (ORG)
                      00023 ORG 0X0000
0000   2???           00024     GOTO INICIO
                      00025     
Warning[205]: Found directive in column 1. (ORG)
                      00026 ORG 0X0005
0005                  00027 INICIO
                      00028     
0005   1683 1703      00029       BANKSEL ANSEL
0007   3000           00030       MOVLW   0X00
Message[302]: Register in operand not in bank 0.  Ensure that bank bits are correct.
0008   0088           00031       MOVWF   ANSEL
0009   3000           00032       MOVLW   0X00
Message[302]: Register in operand not in bank 0.  Ensure that bank bits are correct.
000A   0089           00033       MOVWF   ANSELH
000B   1683 1303      00034       BANKSEL TRISB
000D   3000           00035       MOVLW   0X00
Message[302]: Register in operand not in bank 0.  Ensure that bank bits are correct.
MPASM 5.82  /HOME/OMARS/MPLABXPROJECTS/PIC16   6-19-2021  14:00:13         PAGE  2


LOC  OBJECT CODE     LINE SOURCE TEXT
  VALUE

000E   0086           00036       MOVWF   TRISB
                      00037       
                      00038 
                      00039     
000F                  00040 BUCLE:
000F   1283 1303      00041       BANKSEL PORTB
0011   3000           00042       MOVLW   0X00
0012   0086           00043       MOVWF   PORTB
                      00044       
0013   1686           00045       BSF     PORTB,5 ;SE PRENDE ROJO    R2
0014   1406           00046       BSF     PORTB,0 ;SE PRENDE VERDE POR DOS SEGUNDOS V1
0015   2???           00047       CALL    Delay1s
0016   2???           00048       CALL    Delay1s
0017   1006           00049       BCF     PORTB,0 ;SE APAGA VERDE  V1
                      00050       
0018   1486           00051       BSF     PORTB,1  ;SE PRENDE AMARILLO  A1
0019   2???           00052       CALL    Delay700ms
001A   1086           00053       BCF     PORTB,1  ;SE APAGA AMARILLO   A1
001B   2???           00054       CALL    Delay500ms
001C   1486           00055       BSF     PORTB,1 ;SE PRENDE DE NUEVO AMARILLO  A1
001D   2???           00056       CALL    Delay700ms
                      00057    
001E   1086           00058       BCF     PORTB,1  ;SE APAGA AMARILLO   A1
001F   2???           00059       CALL    Delay500ms
0020   1486           00060       BSF     PORTB,1 ;SE PRENDE DE NUEVO AMARILLO  A1
0021   2???           00061       CALL    Delay700ms
                      00062       
0022   1086           00063       BCF     PORTB,1  ;SE APAGA AMARILLO   A1
0023   1506           00064       BSF     PORTB,2 ;SE PRENDE ROJO    R1
0024   1286           00065       BCF     PORTB,5 ;SE PRENDE ROJO    R2
0025   1586           00066       BSF     PORTB,3 ;SE PRENDE VERDE   V2 
0026   2???           00067       CALL    Delay1s
0027   2???           00068       CALL    Delay1s
                      00069       
0028   1186           00070       BCF     PORTB,3 ;SE APAGA VERDE   V2
0029   1606           00071       BSF     PORTB,4  ;SE PRENDE AMARILLO  A2
002A   2???           00072       CALL    Delay700ms
002B   1206           00073       BCF     PORTB,4  ;SE APAGA AMARILLO   A2
002C   2???           00074       CALL    Delay500ms
002D   1606           00075       BSF     PORTB,4 ;SE PRENDE DE NUEVO AMARILLO  A2
002E   2???           00076       CALL    Delay700ms
                      00077    
002F   1206           00078       BCF     PORTB,4  ;SE APAGA AMARILLO   A2
0030   2???           00079       CALL    Delay500ms
0031   1606           00080       BSF     PORTB,4 ;SE PRENDE DE NUEVO AMARILLO  A2
0032   2???           00081       CALL    Delay700ms
                      00082       
                      00083      
                      00084      
                      00085     
0033   2???           00086     GOTO    BUCLE
                      00087     
                      00088 
MPASM 5.82  /HOME/OMARS/MPLABXPROJECTS/PIC16   6-19-2021  14:00:13         PAGE  3


LOC  OBJECT CODE     LINE SOURCE TEXT
  VALUE

0034                  00089 Delay100us:
0034   1283 1303      00090     BANKSEL Count100us
0036   3064           00091     MOVLW   D'100'
0037   00A0           00092     MOVWF   Count100us
0038                  00093 D100us:
Message[305]: Using default destination of 1 (file).
0038   0BA0           00094     DECFSZ  Count100us
0039   2???           00095     GOTO    D100us
003A   0008           00096     RETURN
                      00097 
                      00098     
003B                  00099 Delay500us:
003B   1283 1303      00100     BANKSEL Count500us
003D   3005           00101     MOVLW   D'5'
003E   00A1           00102     MOVWF   Count500us
003F                  00103 D500us:
003F   2???           00104     CALL    Delay100us
Message[305]: Using default destination of 1 (file).
0040   0BA1           00105     DECFSZ  Count500us
0041   2???           00106     GOTO    D500us
0042   0008           00107     RETURN
                      00108     
0043                  00109 Delay1ms:
0043   1283 1303      00110     BANKSEL Count1ms
0045   3002           00111     MOVLW   D'2'
0046   00A2           00112     MOVWF   Count1ms
0047                  00113 D1ms:
0047   2???           00114     CALL    Delay500us    
Message[305]: Using default destination of 1 (file).
0048   0BA2           00115     DECFSZ  Count1ms
0049   2???           00116     GOTO    D1ms
004A   0008           00117     RETURN
                      00118     
004B                  00119 Delay100ms:
004B   1283 1303      00120     BANKSEL Count100ms
004D   3064           00121     MOVLW   D'100'
004E   00A3           00122     MOVWF   Count100ms
004F                  00123 D100ms:
004F   2???           00124     CALL    Delay1ms    
Message[305]: Using default destination of 1 (file).
0050   0BA3           00125     DECFSZ  Count100ms
0051   2???           00126     GOTO    D100ms
0052   0008           00127     RETURN
                      00128     
0053                  00129 Delay500ms:
0053   1283 1303      00130     BANKSEL Count500ms
0055   3005           00131     MOVLW   D'5'
0056   00A4           00132     MOVWF   Count500ms
0057                  00133 D500ms:
0057   2???           00134     CALL    Delay100ms    
Message[305]: Using default destination of 1 (file).
0058   0BA4           00135     DECFSZ  Count500ms
0059   2???           00136     GOTO    D500ms
MPASM 5.82  /HOME/OMARS/MPLABXPROJECTS/PIC16   6-19-2021  14:00:13         PAGE  4


LOC  OBJECT CODE     LINE SOURCE TEXT
  VALUE

005A   0008           00137     RETURN
                      00138     
005B                  00139 Delay700ms:
005B   1283 1303      00140     BANKSEL Count700ms
005D   3007           00141     MOVLW   D'7'
005E   00A5           00142     MOVWF   Count700ms
005F                  00143 D700ms:
005F   2???           00144     CALL    Delay100ms    
Message[305]: Using default destination of 1 (file).
0060   0BA5           00145     DECFSZ  Count700ms
0061   2???           00146     GOTO    D700ms
0062   0008           00147     RETURN
                      00148     
0063                  00149 Delay1s:
0063   1283 1303      00150     BANKSEL Count1s
0065   3002           00151     MOVLW   D'2'
0066   00A6           00152     MOVWF   Count1s
0067                  00153 D1s:
0067   2???           00154     CALL    Delay500ms    
Message[305]: Using default destination of 1 (file).
0068   0BA6           00155     DECFSZ  Count1s
0069   2???           00156     GOTO    D1s
006A   0008           00157     RETURN
                      00158 
                      00159         
                      00160         
                      00161 
                      00162 ;;;;;;;;;;;;;;;;;;;;;;;    
                      00163    
                      00164         
Warning[205]: Found directive in column 1. (END)
20F2 3EFF             00165 END
MPASM 5.82  /HOME/OMARS/MPLABXPROJECTS/PIC16   6-19-2021  14:00:13         PAGE  5


SYMBOL TABLE
  LABEL                             VALUE 

ABDEN                             00000000
ABDOVF                            00000007
ACKDT                             00000005
ACKEN                             00000004
ACKSTAT                           00000006
ADCON0                            0000001F
ADCON1                            0000009F
ADCS0                             00000006
ADCS1                             00000007
ADDEN                             00000003
ADFM                              00000007
ADIE                              00000006
ADIF                              00000006
ADON                              00000000
ADRESH                            0000001E
ADRESL                            0000009E
ANS0                              00000000
ANS1                              00000001
ANS10                             00000002
ANS11                             00000003
ANS12                             00000004
ANS13                             00000005
ANS2                              00000002
ANS3                              00000003
ANS4                              00000004
ANS5                              00000005
ANS6                              00000006
ANS7                              00000007
ANS8                              00000000
ANS9                              00000001
ANSEL                             00000188
ANSELH                            00000189
BAUDCTL                           00000187
BCLIE                             00000003
BCLIF                             00000003
BF                                00000000
BRG0                              00000000
BRG1                              00000001
BRG10                             00000002
BRG11                             00000003
BRG12                             00000004
BRG13                             00000005
BRG14                             00000006
BRG15                             00000007
BRG16                             00000003
BRG2                              00000002
BRG3                              00000003
BRG4                              00000004
BRG5                              00000005
BRG6                              00000006
BRG7                              00000007
BRG8                              00000000
BRG9                              00000001
MPASM 5.82  /HOME/OMARS/MPLABXPROJECTS/PIC16   6-19-2021  14:00:13         PAGE  6


SYMBOL TABLE
  LABEL                             VALUE 

BRGH                              00000002
BUCLE                             0000000F
C                                 00000000
C1CH0                             00000000
C1CH1                             00000001
C1IE                              00000005
C1IF                              00000005
C1OE                              00000005
C1ON                              00000007
C1OUT                             00000006
C1POL                             00000004
C1R                               00000002
C1RSEL                            00000005
C1SEN                             00000005
C2CH0                             00000000
C2CH1                             00000001
C2IE                              00000006
C2IF                              00000006
C2OE                              00000005
C2ON                              00000007
C2OUT                             00000006
C2POL                             00000004
C2R                               00000002
C2REN                             00000004
C2RSEL                            00000004
C2SYNC                            00000000
CCP1CON                           00000017
CCP1IE                            00000002
CCP1IF                            00000002
CCP1M0                            00000000
CCP1M1                            00000001
CCP1M2                            00000002
CCP1M3                            00000003
CCP1X                             00000005
CCP1Y                             00000004
CCP2CON                           0000001D
CCP2IE                            00000000
CCP2IF                            00000000
CCP2M0                            00000000
CCP2M1                            00000001
CCP2M2                            00000002
CCP2M3                            00000003
CCP2X                             00000005
CCP2Y                             00000004
CCPR1                             00000015
CCPR1H                            00000016
CCPR1L                            00000015
CCPR2                             0000001B
CCPR2H                            0000001C
CCPR2L                            0000001B
CHS0                              00000002
CHS1                              00000003
CHS2                              00000004
MPASM 5.82  /HOME/OMARS/MPLABXPROJECTS/PIC16   6-19-2021  14:00:13         PAGE  7


SYMBOL TABLE
  LABEL                             VALUE 

CHS3                              00000005
CKE                               00000006
CKP                               00000004
CM1CON0                           00000107
CM2CON0                           00000108
CM2CON1                           00000109
CREN                              00000004
CSRC                              00000007
Count100ms                        00000023
Count100us                        00000020
Count1ms                          00000022
Count1s                           00000026
Count500ms                        00000024
Count500us                        00000021
Count700ms                        00000025
D                                 00000005
D100ms                            0000004F
D100us                            00000038
D1ms                              00000047
D1s                               00000067
D500ms                            00000057
D500us                            0000003F
D700ms                            0000005F
DATA_ADDRESS                      00000005
DC                                00000001
DC1B0                             00000004
DC1B1                             00000005
DC2B0                             00000004
DC2B1                             00000005
D_A                               00000005
D_NOT_A                           00000005
Delay100ms                        0000004B
Delay100us                        00000034
Delay1ms                          00000043
Delay1s                           00000063
Delay500ms                        00000053
Delay500us                        0000003B
Delay700ms                        0000005B
ECCPAS                            0000009C
ECCPAS0                           00000004
ECCPAS1                           00000005
ECCPAS2                           00000006
ECCPASE                           00000007
EEADR                             0000010D
EEADRH                            0000010F
EECON1                            0000018C
EECON2                            0000018D
EEDAT                             0000010C
EEDATA                            0000010C
EEDATH                            0000010E
EEIE                              00000004
EEIF                              00000004
EEPGD                             00000007
MPASM 5.82  /HOME/OMARS/MPLABXPROJECTS/PIC16   6-19-2021  14:00:13         PAGE  8


SYMBOL TABLE
  LABEL                             VALUE 

F                                 00000001
FERR                              00000002
FSR                               00000004
FVREN                             00000000
GCEN                              00000007
GIE                               00000007
GO                                00000001
GO_DONE                           00000001
GO_NOT_DONE                       00000001
HTS                               00000002
I2C_DATA                          00000005
I2C_READ                          00000002
I2C_START                         00000003
I2C_STOP                          00000004
INDF                              00000000
INICIO                            00000005
INTCON                            0000000B
INTE                              00000004
INTEDG                            00000006
INTF                              00000001
IOCB                              00000096
IOCB0                             00000000
IOCB1                             00000001
IOCB2                             00000002
IOCB3                             00000003
IOCB4                             00000004
IOCB5                             00000005
IOCB6                             00000006
IOCB7                             00000007
IRCF0                             00000004
IRCF1                             00000005
IRCF2                             00000006
IRP                               00000007
LTS                               00000001
MC1OUT                            00000007
MC2OUT                            00000006
MSK                               00000093
MSK0                              00000000
MSK1                              00000001
MSK2                              00000002
MSK3                              00000003
MSK4                              00000004
MSK5                              00000005
MSK6                              00000006
MSK7                              00000007
NOT_A                             00000005
NOT_ADDRESS                       00000005
NOT_BO                            00000000
NOT_BOR                           00000000
NOT_DONE                          00000001
NOT_PD                            00000003
NOT_POR                           00000001
NOT_RBPU                          00000007
MPASM 5.82  /HOME/OMARS/MPLABXPROJECTS/PIC16   6-19-2021  14:00:13         PAGE  9


SYMBOL TABLE
  LABEL                             VALUE 

NOT_RC8                           00000006
NOT_T1SYNC                        00000002
NOT_TO                            00000004
NOT_TX8                           00000006
NOT_W                             00000002
NOT_WRITE                         00000002
OERR                              00000001
OPTION_REG                        00000081
OSCCON                            0000008F
OSCTUNE                           00000090
OSFIE                             00000007
OSFIF                             00000007
OSTS                              00000003
P                                 00000004
P1M0                              00000006
P1M1                              00000007
PCL                               00000002
PCLATH                            0000000A
PCON                              0000008E
PDC0                              00000000
PDC1                              00000001
PDC2                              00000002
PDC3                              00000003
PDC4                              00000004
PDC5                              00000005
PDC6                              00000006
PEIE                              00000006
PEN                               00000002
PIE1                              0000008C
PIE2                              0000008D
PIR1                              0000000C
PIR2                              0000000D
PORTA                             00000005
PORTB                             00000006
PORTC                             00000007
PORTD                             00000008
PORTE                             00000009
PR2                               00000092
PRSEN                             00000007
PS0                               00000000
PS1                               00000001
PS2                               00000002
PSA                               00000003
PSSAC0                            00000002
PSSAC1                            00000003
PSSBD0                            00000000
PSSBD1                            00000001
PSTRCON                           0000009D
PULSR                             00000002
PULSS                             00000003
PWM1CON                           0000009B
R                                 00000002
RA0                               00000000
MPASM 5.82  /HOME/OMARS/MPLABXPROJECTS/PIC16   6-19-2021  14:00:13         PAGE 10


SYMBOL TABLE
  LABEL                             VALUE 

RA1                               00000001
RA2                               00000002
RA3                               00000003
RA4                               00000004
RA5                               00000005
RA6                               00000006
RA7                               00000007
RB0                               00000000
RB1                               00000001
RB2                               00000002
RB3                               00000003
RB4                               00000004
RB5                               00000005
RB6                               00000006
RB7                               00000007
RBIE                              00000003
RBIF                              00000000
RC0                               00000000
RC1                               00000001
RC2                               00000002
RC3                               00000003
RC4                               00000004
RC5                               00000005
RC6                               00000006
RC7                               00000007
RC8_9                             00000006
RC9                               00000006
RCD8                              00000000
RCEN                              00000003
RCIDL                             00000006
RCIE                              00000005
RCIF                              00000005
RCREG                             0000001A
RCSTA                             00000018
RD                                00000000
RD0                               00000000
RD1                               00000001
RD2                               00000002
RD3                               00000003
RD4                               00000004
RD5                               00000005
RD6                               00000006
RD7                               00000007
RE0                               00000000
RE1                               00000001
RE2                               00000002
RE3                               00000003
READ_WRITE                        00000002
RP0                               00000005
RP1                               00000006
RSEN                              00000001
RX9                               00000006
RX9D                              00000000
MPASM 5.82  /HOME/OMARS/MPLABXPROJECTS/PIC16   6-19-2021  14:00:13         PAGE 11


SYMBOL TABLE
  LABEL                             VALUE 

R_NOT_W                           00000002
R_W                               00000002
S                                 00000003
SBOREN                            00000004
SCKP                              00000004
SCS                               00000000
SEN                               00000000
SENDB                             00000003
SMP                               00000007
SPBRG                             00000099
SPBRGH                            0000009A
SPEN                              00000007
SR0                               00000006
SR1                               00000007
SRCON                             00000185
SREN                              00000005
SSPADD                            00000093
SSPBUF                            00000013
SSPCON                            00000014
SSPCON2                           00000091
SSPEN                             00000005
SSPIE                             00000003
SSPIF                             00000003
SSPM0                             00000000
SSPM1                             00000001
SSPM2                             00000002
SSPM3                             00000003
SSPMSK                            00000093
SSPOV                             00000006
SSPSTAT                           00000094
STATUS                            00000003
STRA                              00000000
STRB                              00000001
STRC                              00000002
STRD                              00000003
STRSYNC                           00000004
SWDTEN                            00000000
SYNC                              00000004
T0CS                              00000005
T0IE                              00000005
T0IF                              00000002
T0SE                              00000004
T1CKPS0                           00000004
T1CKPS1                           00000005
T1CON                             00000010
T1GINV                            00000007
T1GIV                             00000007
T1GSS                             00000001
T1INSYNC                          00000002
T1OSCEN                           00000003
T1SYNC                            00000002
T2CKPS0                           00000000
T2CKPS1                           00000001
MPASM 5.82  /HOME/OMARS/MPLABXPROJECTS/PIC16   6-19-2021  14:00:13         PAGE 12


SYMBOL TABLE
  LABEL                             VALUE 

T2CON                             00000012
TMR0                              00000001
TMR0IE                            00000005
TMR0IF                            00000002
TMR1                              0000000E
TMR1CS                            00000001
TMR1GE                            00000006
TMR1H                             0000000F
TMR1IE                            00000000
TMR1IF                            00000000
TMR1L                             0000000E
TMR1ON                            00000000
TMR2                              00000011
TMR2IE                            00000001
TMR2IF                            00000001
TMR2ON                            00000002
TOUTPS0                           00000003
TOUTPS1                           00000004
TOUTPS2                           00000005
TOUTPS3                           00000006
TRISA                             00000085
TRISA0                            00000000
TRISA1                            00000001
TRISA2                            00000002
TRISA3                            00000003
TRISA4                            00000004
TRISA5                            00000005
TRISA6                            00000006
TRISA7                            00000007
TRISB                             00000086
TRISB0                            00000000
TRISB1                            00000001
TRISB2                            00000002
TRISB3                            00000003
TRISB4                            00000004
TRISB5                            00000005
TRISB6                            00000006
TRISB7                            00000007
TRISC                             00000087
TRISC0                            00000000
TRISC1                            00000001
TRISC2                            00000002
TRISC3                            00000003
TRISC4                            00000004
TRISC5                            00000005
TRISC6                            00000006
TRISC7                            00000007
TRISD                             00000088
TRISD0                            00000000
TRISD1                            00000001
TRISD2                            00000002
TRISD3                            00000003
TRISD4                            00000004
MPASM 5.82  /HOME/OMARS/MPLABXPROJECTS/PIC16   6-19-2021  14:00:13         PAGE 13


SYMBOL TABLE
  LABEL                             VALUE 

TRISD5                            00000005
TRISD6                            00000006
TRISD7                            00000007
TRISE                             00000089
TRISE0                            00000000
TRISE1                            00000001
TRISE2                            00000002
TRISE3                            00000003
TRMT                              00000001
TUN0                              00000000
TUN1                              00000001
TUN2                              00000002
TUN3                              00000003
TUN4                              00000004
TX8_9                             00000006
TX9                               00000006
TX9D                              00000000
TXD8                              00000000
TXEN                              00000005
TXIE                              00000004
TXIF                              00000004
TXREG                             00000019
TXSTA                             00000098
UA                                00000001
ULPWUE                            00000005
ULPWUIE                           00000002
ULPWUIF                           00000002
VCFG0                             00000004
VCFG1                             00000005
VR0                               00000000
VR1                               00000001
VR2                               00000002
VR3                               00000003
VRCON                             00000097
VREN                              00000007
VROE                              00000006
VRR                               00000005
VRSS                              00000004
W                                 00000000
WCOL                              00000007
WDTCON                            00000105
WDTPS0                            00000001
WDTPS1                            00000002
WDTPS2                            00000003
WDTPS3                            00000004
WPUB                              00000095
WPUB0                             00000000
WPUB1                             00000001
WPUB2                             00000002
WPUB3                             00000003
WPUB4                             00000004
WPUB5                             00000005
WPUB6                             00000006
MPASM 5.82  /HOME/OMARS/MPLABXPROJECTS/PIC16   6-19-2021  14:00:13         PAGE 14


SYMBOL TABLE
  LABEL                             VALUE 

WPUB7                             00000007
WR                                00000001
WREN                              00000002
WRERR                             00000003
WUE                               00000001
Z                                 00000002
_BOR21V                           00003EFF
_BOR40V                           00003FFF
_BOR4V_BOR21V                     00003EFF
_BOR4V_BOR40V                     00003FFF
_BOREN_NSLEEP                     00003EFF
_BOREN_OFF                        00003CFF
_BOREN_ON                         00003FFF
_BOREN_SBODEN                     00003DFF
_BOR_NSLEEP                       00003EFF
_BOR_OFF                          00003CFF
_BOR_ON                           00003FFF
_BOR_SBODEN                       00003DFF
_CONFIG1                          00002007
_CONFIG2                          00002008
_CPD_OFF                          00003FFF
_CPD_ON                           00003F7F
_CP_OFF                           00003FFF
_CP_ON                            00003FBF
_DEBUG_OFF                        00003FFF
_DEBUG_ON                         00001FFF
_DEVID1                           00002006
_EC_OSC                           00003FFB
_EXTRC                            00003FFF
_EXTRCIO                          00003FFE
_EXTRC_OSC_CLKOUT                 00003FFF
_EXTRC_OSC_NOCLKOUT               00003FFE
_FCMEN_OFF                        000037FF
_FCMEN_ON                         00003FFF
_FOSC_EC                          00003FFB
_FOSC_EXTRC_CLKOUT                00003FFF
_FOSC_EXTRC_NOCLKOUT              00003FFE
_FOSC_HS                          00003FFA
_FOSC_INTRC_CLKOUT                00003FFD
_FOSC_INTRC_NOCLKOUT              00003FFC
_FOSC_LP                          00003FF8
_FOSC_XT                          00003FF9
_HS_OSC                           00003FFA
_IDLOC0                           00002000
_IDLOC1                           00002001
_IDLOC2                           00002002
_IDLOC3                           00002003
_IESO_OFF                         00003BFF
_IESO_ON                          00003FFF
_INTOSC                           00003FFD
_INTOSCIO                         00003FFC
_INTRC_OSC_CLKOUT                 00003FFD
_INTRC_OSC_NOCLKOUT               00003FFC
MPASM 5.82  /HOME/OMARS/MPLABXPROJECTS/PIC16   6-19-2021  14:00:13         PAGE 15


SYMBOL TABLE
  LABEL                             VALUE 

_LP_OSC                           00003FF8
_LVP_OFF                          00002FFF
_LVP_ON                           00003FFF
_MCLRE_OFF                        00003FDF
_MCLRE_ON                         00003FFF
_PWRTE_OFF                        00003FFF
_PWRTE_ON                         00003FEF
_WDTE_OFF                         00003FF7
_WDTE_ON                          00003FFF
_WDT_OFF                          00003FF7
_WDT_ON                           00003FFF
_WRT_1FOURTH                      00003BFF
_WRT_256                          00003DFF
_WRT_HALF                         000039FF
_WRT_OFF                          00003FFF
_XT_OSC                           00003FF9
__16F887                          00000001

Errors   :     0
Warnings :     5 reported,     0 suppressed
Messages :    10 reported,     0 suppressed

